[2026-06-10 17:59:21] INFO [Orchestrator.run_pipeline:13] ==============================================
[2026-06-10 17:59:21] INFO [Orchestrator.run_pipeline:14]   STARTING PYTHON ETL PIPELINE REPLACEMENT    
[2026-06-10 17:59:21] INFO [Orchestrator.run_pipeline:15] ==============================================
[2026-06-10 17:59:21] INFO [Orchestrator.run_pipeline:22] [ETL PHASE 1/3] Extracting raw files...
[2026-06-10 17:59:21] INFO [Extract.extract_csv:13] Extracting AdventureWorks_Calendar.csv.csv from path: C:\Users\pc\Desktop\BI\Dataset\AdventureWorks_Calendar.csv.csv
[2026-06-10 17:59:21] INFO [Extract.extract_csv:21] Successfully loaded AdventureWorks_Calendar.csv.csv with utf-8-sig encoding. Shape: (912, 1)
[2026-06-10 17:59:21] INFO [Extract.extract_csv:13] Extracting AdventureWorks_Customers.csv.csv from path: C:\Users\pc\Desktop\BI\Dataset\AdventureWorks_Customers.csv.csv
[2026-06-10 17:59:21] WARNING [Extract.extract_csv:25] UTF-8 decode failed for AdventureWorks_Customers.csv.csv. Retrying with ISO-8859-1 or latin-1...
[2026-06-10 17:59:21] INFO [Extract.extract_csv:27] Successfully loaded AdventureWorks_Customers.csv.csv with latin-1 fallback. Shape: (18148, 13)
[2026-06-10 17:59:21] INFO [Extract.extract_csv:13] Extracting AdventureWorks_Product_Categories.csv.csv from path: C:\Users\pc\Desktop\BI\Dataset\AdventureWorks_Product_Categories.csv.csv
[2026-06-10 17:59:21] INFO [Extract.extract_csv:21] Successfully loaded AdventureWorks_Product_Categories.csv.csv with utf-8-sig encoding. Shape: (4, 2)
[2026-06-10 17:59:21] INFO [Extract.extract_csv:13] Extracting AdventureWorks_Product_Subcategories.csv.csv from path: C:\Users\pc\Desktop\BI\Dataset\AdventureWorks_Product_Subcategories.csv.csv
[2026-06-10 17:59:21] INFO [Extract.extract_csv:21] Successfully loaded AdventureWorks_Product_Subcategories.csv.csv with utf-8-sig encoding. Shape: (37, 3)
[2026-06-10 17:59:21] INFO [Extract.extract_csv:13] Extracting AdventureWorks_Products.csv.csv from path: C:\Users\pc\Desktop\BI\Dataset\AdventureWorks_Products.csv.csv
[2026-06-10 17:59:21] INFO [Extract.extract_csv:21] Successfully loaded AdventureWorks_Products.csv.csv with utf-8-sig encoding. Shape: (293, 11)
[2026-06-10 17:59:21] INFO [Extract.extract_csv:13] Extracting AdventureWorks_Returns.csv.csv from path: C:\Users\pc\Desktop\BI\Dataset\AdventureWorks_Returns.csv.csv
[2026-06-10 17:59:21] INFO [Extract.extract_csv:21] Successfully loaded AdventureWorks_Returns.csv.csv with utf-8-sig encoding. Shape: (1809, 4)
[2026-06-10 17:59:21] INFO [Extract.extract_csv:13] Extracting AdventureWorks_Territories.csv.csv from path: C:\Users\pc\Desktop\BI\Dataset\AdventureWorks_Territories.csv.csv
[2026-06-10 17:59:21] INFO [Extract.extract_csv:21] Successfully loaded AdventureWorks_Territories.csv.csv with utf-8-sig encoding. Shape: (10, 4)
[2026-06-10 17:59:21] INFO [Extract.extract_csv:13] Extracting AdventureWorks_Sales_2015.csv.csv from path: C:\Users\pc\Desktop\BI\Dataset\Sales\AdventureWorks_Sales_2015.csv.csv
[2026-06-10 17:59:21] INFO [Extract.extract_csv:21] Successfully loaded AdventureWorks_Sales_2015.csv.csv with utf-8-sig encoding. Shape: (2630, 8)
[2026-06-10 17:59:21] INFO [Extract.extract_csv:13] Extracting AdventureWorks_Sales_2016.csv.csv from path: C:\Users\pc\Desktop\BI\Dataset\Sales\AdventureWorks_Sales_2016.csv.csv
[2026-06-10 17:59:21] INFO [Extract.extract_csv:21] Successfully loaded AdventureWorks_Sales_2016.csv.csv with utf-8-sig encoding. Shape: (23935, 8)
[2026-06-10 17:59:21] INFO [Extract.extract_csv:13] Extracting AdventureWorks_Sales_2017.csv.csv from path: C:\Users\pc\Desktop\BI\Dataset\Sales\AdventureWorks_Sales_2017.csv.csv
[2026-06-10 17:59:21] INFO [Extract.extract_csv:21] Successfully loaded AdventureWorks_Sales_2017.csv.csv with utf-8-sig encoding. Shape: (29481, 8)
[2026-06-10 17:59:21] INFO [Extract.extract_all:67] Unifying sales datasets (2015, 2016, 2017)...
[2026-06-10 17:59:21] INFO [Extract.extract_all:69] Unified Sales dataset shape: (56046, 8)
[2026-06-10 17:59:21] INFO [Orchestrator.run_pipeline:25] Extraction completed in 0.35 seconds.
[2026-06-10 17:59:21] INFO [Orchestrator.run_pipeline:29] [ETL PHASE 2/3] Transforming datasets...
[2026-06-10 17:59:21] INFO [Transform.transform_territories:289] Transforming Territories lookup...
[2026-06-10 17:59:21] INFO [Transform.transform_product_categories:304] Transforming Product Categories lookup...
[2026-06-10 17:59:21] INFO [Transform.transform_product_subcategories:315] Transforming Product Subcategories lookup...
[2026-06-10 17:59:21] INFO [Transform.transform_calendar:152] Transforming Calendar dataset...
[2026-06-10 17:59:21] INFO [Transform.transform_calendar:191] Calendar transformation complete. Shape: (912, 10)
[2026-06-10 17:59:21] INFO [Transform.transform_customers:11] Transforming Customers dataset...
[2026-06-10 17:59:22] INFO [Transform.transform_customers:101] Customers transformation complete. Shape: (18148, 21)
[2026-06-10 17:59:22] INFO [Transform.transform_products:108] Transforming Products dataset...
[2026-06-10 17:59:22] INFO [Transform.transform_products:145] Products transformation complete. Shape: (293, 14)
[2026-06-10 17:59:22] INFO [Transform.transform_sales:198] Transforming Sales Fact dataset...
[2026-06-10 17:59:22] INFO [Transform.transform_sales:226] Enforcing referential integrity on Sales Fact table...
[2026-06-10 17:59:22] INFO [Transform.transform_sales:250] Sales Fact transformation complete. Final Rows: 56046 (Dropped 0 invalid rows)
[2026-06-10 17:59:22] INFO [Transform.transform_returns:257] Transforming Returns Fact dataset...
[2026-06-10 17:59:22] INFO [Transform.transform_returns:273] Enforcing referential integrity on Returns Fact table...
[2026-06-10 17:59:22] INFO [Transform.transform_returns:282] Returns Fact transformation complete. Final Rows: 1809 (Dropped 0 invalid rows)
[2026-06-10 17:59:22] INFO [Orchestrator.run_pipeline:32] Transformation completed in 1.05 seconds.
[2026-06-10 17:59:22] INFO [Orchestrator.run_pipeline:36] [ETL PHASE 3/3] Loading processed data to MySQL...
[2026-06-10 17:59:22] INFO [Load.get_db_engine:11] Initializing database connection engine...
[2026-06-10 17:59:23] INFO [Load.get_db_engine:17] Database connection established successfully.
[2026-06-10 17:59:23] INFO [Load.load_data:64] Beginning the database loading phase...
[2026-06-10 17:59:23] INFO [Load.load_data:72] Loading 10 records into table `aw_territories_lookup`...
[2026-06-10 17:59:23] INFO [Load.clear_table:28] Clearing existing data from table: aw_territories_lookup
[2026-06-10 17:59:23] INFO [Load.clear_table:35] Table aw_territories_lookup truncated successfully.
[2026-06-10 17:59:24] INFO [Load.load_data:87] Successfully loaded `aw_territories_lookup` table.
[2026-06-10 17:59:24] INFO [Load.load_data:72] Loading 4 records into table `aw_product_category_lookup`...
[2026-06-10 17:59:24] INFO [Load.clear_table:28] Clearing existing data from table: aw_product_category_lookup
[2026-06-10 17:59:24] INFO [Load.clear_table:35] Table aw_product_category_lookup truncated successfully.
[2026-06-10 17:59:24] INFO [Load.load_data:87] Successfully loaded `aw_product_category_lookup` table.
[2026-06-10 17:59:24] INFO [Load.load_data:72] Loading 37 records into table `aw_product_subcategory_lookup`...
[2026-06-10 17:59:24] INFO [Load.clear_table:28] Clearing existing data from table: aw_product_subcategory_lookup
[2026-06-10 17:59:24] INFO [Load.clear_table:35] Table aw_product_subcategory_lookup truncated successfully.
[2026-06-10 17:59:24] INFO [Load.load_data:87] Successfully loaded `aw_product_subcategory_lookup` table.
[2026-06-10 17:59:24] INFO [Load.load_data:72] Loading 912 records into table `aw_calendar_lookup`...
[2026-06-10 17:59:24] INFO [Load.clear_table:28] Clearing existing data from table: aw_calendar_lookup
[2026-06-10 17:59:24] INFO [Load.clear_table:35] Table aw_calendar_lookup truncated successfully.
[2026-06-10 17:59:24] INFO [Load.load_data:87] Successfully loaded `aw_calendar_lookup` table.
[2026-06-10 17:59:24] INFO [Load.load_data:72] Loading 18148 records into table `aw_customers_lookup`...
[2026-06-10 17:59:24] INFO [Load.clear_table:28] Clearing existing data from table: aw_customers_lookup
[2026-06-10 17:59:24] INFO [Load.clear_table:35] Table aw_customers_lookup truncated successfully.
[2026-06-10 17:59:26] ERROR [Load.load_data:89] Error loading table aw_customers_lookup: (pymysql.err.OperationalError) (2006, "MySQL server has gone away (ConnectionResetError(10054, 'Une connexion existante a dû être fermée par l’hôte distant', None, 10054, None))")
(Background on this error at: https://sqlalche.me/e/20/e3q8)
[2026-06-10 17:59:26] CRITICAL [Orchestrator.run_pipeline:49] ETL Pipeline execution failed!
Traceback (most recent call last):
  File "C:\Users\pc\AppData\Local\Programs\Python\Python313\Lib\site-packages\pymysql\connections.py", line 834, in _write_bytes
    self._sock.sendall(data)
    ~~~~~~~~~~~~~~~~~~^^^^^^
ConnectionResetError: [WinError 10054] Une connexion existante a dû être fermée par l’hôte distant

During handling of the above exception, another exception occurred:

Traceback (most recent call last):
  File "C:\Users\pc\AppData\Local\Programs\Python\Python313\Lib\site-packages\sqlalchemy\engine\base.py", line 1145, in _commit_impl
    self.engine.dialect.do_commit(self.connection)
    ~~~~~~~~~~~~~~~~~~~~~~~~~~~~~^^^^^^^^^^^^^^^^^
  File "C:\Users\pc\AppData\Local\Programs\Python\Python313\Lib\site-packages\sqlalchemy\engine\default.py", line 715, in do_commit
    dbapi_connection.commit()
    ~~~~~~~~~~~~~~~~~~~~~~~^^
  File "C:\Users\pc\AppData\Local\Programs\Python\Python313\Lib\site-packages\pymysql\connections.py", line 501, in commit
    self._execute_command(COMMAND.COM_QUERY, "COMMIT")
    ~~~~~~~~~~~~~~~~~~~~~^^^^^^^^^^^^^^^^^^^^^^^^^^^^^
  File "C:\Users\pc\AppData\Local\Programs\Python\Python313\Lib\site-packages\pymysql\connections.py", line 886, in _execute_command
    self._write_bytes(packet)
    ~~~~~~~~~~~~~~~~~^^^^^^^^
  File "C:\Users\pc\AppData\Local\Programs\Python\Python313\Lib\site-packages\pymysql\connections.py", line 837, in _write_bytes
    raise err.OperationalError(
        CR.CR_SERVER_GONE_ERROR, f"MySQL server has gone away ({e!r})"
    )
pymysql.err.OperationalError: (2006, "MySQL server has gone away (ConnectionResetError(10054, 'Une connexion existante a dû être fermée par l’hôte distant', None, 10054, None))")

The above exception was the direct cause of the following exception:

Traceback (most recent call last):
  File "C:\Users\pc\Desktop\BI\ETL_Project\main.py", line 38, in run_pipeline
    load_data(transformed_data, engine)
    ~~~~~~~~~^^^^^^^^^^^^^^^^^^^^^^^^^^
  File "C:\Users\pc\Desktop\BI\ETL_Project\load.py", line 90, in load_data
    raise e
  File "C:\Users\pc\Desktop\BI\ETL_Project\load.py", line 79, in load_data
    df.to_sql(
    ~~~~~~~~~^
        name=table_name,
        ^^^^^^^^^^^^^^^^
    ...<4 lines>...
        method="multi"
        ^^^^^^^^^^^^^^
    )
    ^
  File "C:\Users\pc\AppData\Local\Programs\Python\Python313\Lib\site-packages\pandas\util\_decorators.py", line 333, in wrapper
    return func(*args, **kwargs)
  File "C:\Users\pc\AppData\Local\Programs\Python\Python313\Lib\site-packages\pandas\core\generic.py", line 3087, in to_sql
    return sql.to_sql(
           ~~~~~~~~~~^
        self,
        ^^^^^
    ...<8 lines>...
        method=method,
        ^^^^^^^^^^^^^^
    )
    ^
  File "C:\Users\pc\AppData\Local\Programs\Python\Python313\Lib\site-packages\pandas\io\sql.py", line 841, in to_sql
    with pandasSQL_builder(con, schema=schema, need_transaction=True) as pandas_sql:
         ~~~~~~~~~~~~~~~~~^^^^^^^^^^^^^^^^^^^^^^^^^^^^^^^^^^^^^^^^^^^
  File "C:\Users\pc\AppData\Local\Programs\Python\Python313\Lib\site-packages\pandas\io\sql.py", line 1645, in __exit__
    self.exit_stack.close()
    ~~~~~~~~~~~~~~~~~~~~~^^
  File "C:\Users\pc\AppData\Local\Programs\Python\Python313\Lib\contextlib.py", line 627, in close
    self.__exit__(None, None, None)
    ~~~~~~~~~~~~~^^^^^^^^^^^^^^^^^^
  File "C:\Users\pc\AppData\Local\Programs\Python\Python313\Lib\contextlib.py", line 619, in __exit__
    raise exc
  File "C:\Users\pc\AppData\Local\Programs\Python\Python313\Lib\contextlib.py", line 604, in __exit__
    if cb(*exc_details):
       ~~^^^^^^^^^^^^^^
  File "C:\Users\pc\AppData\Local\Programs\Python\Python313\Lib\site-packages\sqlalchemy\engine\util.py", line 147, in __exit__
    with util.safe_reraise():
         ~~~~~~~~~~~~~~~~~^^
  File "C:\Users\pc\AppData\Local\Programs\Python\Python313\Lib\site-packages\sqlalchemy\util\langhelpers.py", line 224, in __exit__
    raise exc_value.with_traceback(exc_tb)
  File "C:\Users\pc\AppData\Local\Programs\Python\Python313\Lib\site-packages\sqlalchemy\engine\util.py", line 145, in __exit__
    self.commit()
    ~~~~~~~~~~~^^
  File "C:\Users\pc\AppData\Local\Programs\Python\Python313\Lib\site-packages\sqlalchemy\engine\base.py", line 2640, in commit
    self._do_commit()
    ~~~~~~~~~~~~~~~^^
  File "C:\Users\pc\AppData\Local\Programs\Python\Python313\Lib\site-packages\sqlalchemy\engine\base.py", line 2745, in _do_commit
    self._connection_commit_impl()
    ~~~~~~~~~~~~~~~~~~~~~~~~~~~~^^
  File "C:\Users\pc\AppData\Local\Programs\Python\Python313\Lib\site-packages\sqlalchemy\engine\base.py", line 2716, in _connection_commit_impl
    self.connection._commit_impl()
    ~~~~~~~~~~~~~~~~~~~~~~~~~~~~^^
  File "C:\Users\pc\AppData\Local\Programs\Python\Python313\Lib\site-packages\sqlalchemy\engine\base.py", line 1147, in _commit_impl
    self._handle_dbapi_exception(e, None, None, None, None)
    ~~~~~~~~~~~~~~~~~~~~~~~~~~~~^^^^^^^^^^^^^^^^^^^^^^^^^^^
  File "C:\Users\pc\AppData\Local\Programs\Python\Python313\Lib\site-packages\sqlalchemy\engine\base.py", line 2363, in _handle_dbapi_exception
    raise sqlalchemy_exception.with_traceback(exc_info[2]) from e
  File "C:\Users\pc\AppData\Local\Programs\Python\Python313\Lib\site-packages\sqlalchemy\engine\base.py", line 1145, in _commit_impl
    self.engine.dialect.do_commit(self.connection)
    ~~~~~~~~~~~~~~~~~~~~~~~~~~~~~^^^^^^^^^^^^^^^^^
  File "C:\Users\pc\AppData\Local\Programs\Python\Python313\Lib\site-packages\sqlalchemy\engine\default.py", line 715, in do_commit
    dbapi_connection.commit()
    ~~~~~~~~~~~~~~~~~~~~~~~^^
  File "C:\Users\pc\AppData\Local\Programs\Python\Python313\Lib\site-packages\pymysql\connections.py", line 501, in commit
    self._execute_command(COMMAND.COM_QUERY, "COMMIT")
    ~~~~~~~~~~~~~~~~~~~~~^^^^^^^^^^^^^^^^^^^^^^^^^^^^^
  File "C:\Users\pc\AppData\Local\Programs\Python\Python313\Lib\site-packages\pymysql\connections.py", line 886, in _execute_command
    self._write_bytes(packet)
    ~~~~~~~~~~~~~~~~~^^^^^^^^
  File "C:\Users\pc\AppData\Local\Programs\Python\Python313\Lib\site-packages\pymysql\connections.py", line 837, in _write_bytes
    raise err.OperationalError(
        CR.CR_SERVER_GONE_ERROR, f"MySQL server has gone away ({e!r})"
    )
sqlalchemy.exc.OperationalError: (pymysql.err.OperationalError) (2006, "MySQL server has gone away (ConnectionResetError(10054, 'Une connexion existante a dû être fermée par l’hôte distant', None, 10054, None))")
(Background on this error at: https://sqlalche.me/e/20/e3q8)
[2026-06-10 17:59:47] INFO [Orchestrator.run_pipeline:13] ==============================================
[2026-06-10 17:59:47] INFO [Orchestrator.run_pipeline:14]   STARTING PYTHON ETL PIPELINE REPLACEMENT    
[2026-06-10 17:59:47] INFO [Orchestrator.run_pipeline:15] ==============================================
[2026-06-10 17:59:47] INFO [Orchestrator.run_pipeline:22] [ETL PHASE 1/3] Extracting raw files...
[2026-06-10 17:59:47] INFO [Extract.extract_csv:13] Extracting AdventureWorks_Calendar.csv.csv from path: C:\Users\pc\Desktop\BI\Dataset\AdventureWorks_Calendar.csv.csv
[2026-06-10 17:59:47] INFO [Extract.extract_csv:21] Successfully loaded AdventureWorks_Calendar.csv.csv with utf-8-sig encoding. Shape: (912, 1)
[2026-06-10 17:59:47] INFO [Extract.extract_csv:13] Extracting AdventureWorks_Customers.csv.csv from path: C:\Users\pc\Desktop\BI\Dataset\AdventureWorks_Customers.csv.csv
[2026-06-10 17:59:47] WARNING [Extract.extract_csv:25] UTF-8 decode failed for AdventureWorks_Customers.csv.csv. Retrying with ISO-8859-1 or latin-1...
[2026-06-10 17:59:47] INFO [Extract.extract_csv:27] Successfully loaded AdventureWorks_Customers.csv.csv with latin-1 fallback. Shape: (18148, 13)
[2026-06-10 17:59:47] INFO [Extract.extract_csv:13] Extracting AdventureWorks_Product_Categories.csv.csv from path: C:\Users\pc\Desktop\BI\Dataset\AdventureWorks_Product_Categories.csv.csv
[2026-06-10 17:59:47] INFO [Extract.extract_csv:21] Successfully loaded AdventureWorks_Product_Categories.csv.csv with utf-8-sig encoding. Shape: (4, 2)
[2026-06-10 17:59:47] INFO [Extract.extract_csv:13] Extracting AdventureWorks_Product_Subcategories.csv.csv from path: C:\Users\pc\Desktop\BI\Dataset\AdventureWorks_Product_Subcategories.csv.csv
[2026-06-10 17:59:47] INFO [Extract.extract_csv:21] Successfully loaded AdventureWorks_Product_Subcategories.csv.csv with utf-8-sig encoding. Shape: (37, 3)
[2026-06-10 17:59:47] INFO [Extract.extract_csv:13] Extracting AdventureWorks_Products.csv.csv from path: C:\Users\pc\Desktop\BI\Dataset\AdventureWorks_Products.csv.csv
[2026-06-10 17:59:47] INFO [Extract.extract_csv:21] Successfully loaded AdventureWorks_Products.csv.csv with utf-8-sig encoding. Shape: (293, 11)
[2026-06-10 17:59:47] INFO [Extract.extract_csv:13] Extracting AdventureWorks_Returns.csv.csv from path: C:\Users\pc\Desktop\BI\Dataset\AdventureWorks_Returns.csv.csv
[2026-06-10 17:59:47] INFO [Extract.extract_csv:21] Successfully loaded AdventureWorks_Returns.csv.csv with utf-8-sig encoding. Shape: (1809, 4)
[2026-06-10 17:59:47] INFO [Extract.extract_csv:13] Extracting AdventureWorks_Territories.csv.csv from path: C:\Users\pc\Desktop\BI\Dataset\AdventureWorks_Territories.csv.csv
[2026-06-10 17:59:47] INFO [Extract.extract_csv:21] Successfully loaded AdventureWorks_Territories.csv.csv with utf-8-sig encoding. Shape: (10, 4)
[2026-06-10 17:59:47] INFO [Extract.extract_csv:13] Extracting AdventureWorks_Sales_2015.csv.csv from path: C:\Users\pc\Desktop\BI\Dataset\Sales\AdventureWorks_Sales_2015.csv.csv
[2026-06-10 17:59:47] INFO [Extract.extract_csv:21] Successfully loaded AdventureWorks_Sales_2015.csv.csv with utf-8-sig encoding. Shape: (2630, 8)
[2026-06-10 17:59:47] INFO [Extract.extract_csv:13] Extracting AdventureWorks_Sales_2016.csv.csv from path: C:\Users\pc\Desktop\BI\Dataset\Sales\AdventureWorks_Sales_2016.csv.csv
[2026-06-10 17:59:47] INFO [Extract.extract_csv:21] Successfully loaded AdventureWorks_Sales_2016.csv.csv with utf-8-sig encoding. Shape: (23935, 8)
[2026-06-10 17:59:47] INFO [Extract.extract_csv:13] Extracting AdventureWorks_Sales_2017.csv.csv from path: C:\Users\pc\Desktop\BI\Dataset\Sales\AdventureWorks_Sales_2017.csv.csv
[2026-06-10 17:59:47] INFO [Extract.extract_csv:21] Successfully loaded AdventureWorks_Sales_2017.csv.csv with utf-8-sig encoding. Shape: (29481, 8)
[2026-06-10 17:59:47] INFO [Extract.extract_all:67] Unifying sales datasets (2015, 2016, 2017)...
[2026-06-10 17:59:47] INFO [Extract.extract_all:69] Unified Sales dataset shape: (56046, 8)
[2026-06-10 17:59:47] INFO [Orchestrator.run_pipeline:25] Extraction completed in 0.17 seconds.
[2026-06-10 17:59:47] INFO [Orchestrator.run_pipeline:29] [ETL PHASE 2/3] Transforming datasets...
[2026-06-10 17:59:47] INFO [Transform.transform_territories:289] Transforming Territories lookup...
[2026-06-10 17:59:47] INFO [Transform.transform_product_categories:304] Transforming Product Categories lookup...
[2026-06-10 17:59:47] INFO [Transform.transform_product_subcategories:315] Transforming Product Subcategories lookup...
[2026-06-10 17:59:47] INFO [Transform.transform_calendar:152] Transforming Calendar dataset...
[2026-06-10 17:59:48] INFO [Transform.transform_calendar:191] Calendar transformation complete. Shape: (912, 10)
[2026-06-10 17:59:48] INFO [Transform.transform_customers:11] Transforming Customers dataset...
[2026-06-10 17:59:48] INFO [Transform.transform_customers:101] Customers transformation complete. Shape: (18148, 21)
[2026-06-10 17:59:48] INFO [Transform.transform_products:108] Transforming Products dataset...
[2026-06-10 17:59:48] INFO [Transform.transform_products:145] Products transformation complete. Shape: (293, 14)
[2026-06-10 17:59:48] INFO [Transform.transform_sales:198] Transforming Sales Fact dataset...
[2026-06-10 17:59:48] INFO [Transform.transform_sales:226] Enforcing referential integrity on Sales Fact table...
[2026-06-10 17:59:48] INFO [Transform.transform_sales:250] Sales Fact transformation complete. Final Rows: 56046 (Dropped 0 invalid rows)
[2026-06-10 17:59:48] INFO [Transform.transform_returns:257] Transforming Returns Fact dataset...
[2026-06-10 17:59:48] INFO [Transform.transform_returns:273] Enforcing referential integrity on Returns Fact table...
[2026-06-10 17:59:48] INFO [Transform.transform_returns:282] Returns Fact transformation complete. Final Rows: 1809 (Dropped 0 invalid rows)
[2026-06-10 17:59:48] INFO [Orchestrator.run_pipeline:32] Transformation completed in 1.01 seconds.
[2026-06-10 17:59:48] INFO [Orchestrator.run_pipeline:36] [ETL PHASE 3/3] Loading processed data to MySQL...
[2026-06-10 17:59:48] INFO [Load.get_db_engine:11] Initializing database connection engine...
[2026-06-10 17:59:49] INFO [Load.get_db_engine:17] Database connection established successfully.
[2026-06-10 17:59:49] INFO [Load.load_data:64] Beginning the database loading phase...
[2026-06-10 17:59:49] INFO [Load.load_data:72] Loading 10 records into table `aw_territories_lookup`...
[2026-06-10 17:59:49] INFO [Load.clear_table:28] Clearing existing data from table: aw_territories_lookup
[2026-06-10 17:59:49] INFO [Load.clear_table:35] Table aw_territories_lookup truncated successfully.
[2026-06-10 17:59:49] INFO [Load.load_data:86] Successfully loaded `aw_territories_lookup` table.
[2026-06-10 17:59:49] INFO [Load.load_data:72] Loading 4 records into table `aw_product_category_lookup`...
[2026-06-10 17:59:49] INFO [Load.clear_table:28] Clearing existing data from table: aw_product_category_lookup
[2026-06-10 17:59:49] INFO [Load.clear_table:35] Table aw_product_category_lookup truncated successfully.
[2026-06-10 17:59:49] INFO [Load.load_data:86] Successfully loaded `aw_product_category_lookup` table.
[2026-06-10 17:59:49] INFO [Load.load_data:72] Loading 37 records into table `aw_product_subcategory_lookup`...
[2026-06-10 17:59:49] INFO [Load.clear_table:28] Clearing existing data from table: aw_product_subcategory_lookup
[2026-06-10 17:59:49] INFO [Load.clear_table:35] Table aw_product_subcategory_lookup truncated successfully.
[2026-06-10 17:59:49] INFO [Load.load_data:86] Successfully loaded `aw_product_subcategory_lookup` table.
[2026-06-10 17:59:49] INFO [Load.load_data:72] Loading 912 records into table `aw_calendar_lookup`...
[2026-06-10 17:59:49] INFO [Load.clear_table:28] Clearing existing data from table: aw_calendar_lookup
[2026-06-10 17:59:49] INFO [Load.clear_table:35] Table aw_calendar_lookup truncated successfully.
[2026-06-10 17:59:49] INFO [Load.load_data:86] Successfully loaded `aw_calendar_lookup` table.
[2026-06-10 17:59:49] INFO [Load.load_data:72] Loading 18148 records into table `aw_customers_lookup`...
[2026-06-10 17:59:49] INFO [Load.clear_table:28] Clearing existing data from table: aw_customers_lookup
[2026-06-10 17:59:49] INFO [Load.clear_table:35] Table aw_customers_lookup truncated successfully.
[2026-06-10 17:59:52] INFO [Load.load_data:86] Successfully loaded `aw_customers_lookup` table.
[2026-06-10 17:59:52] INFO [Load.load_data:72] Loading 293 records into table `aw_products_lookup`...
[2026-06-10 17:59:52] INFO [Load.clear_table:28] Clearing existing data from table: aw_products_lookup
[2026-06-10 17:59:52] INFO [Load.clear_table:35] Table aw_products_lookup truncated successfully.
[2026-06-10 17:59:52] INFO [Load.load_data:86] Successfully loaded `aw_products_lookup` table.
[2026-06-10 17:59:52] INFO [Load.load_data:72] Loading 56046 records into table `aw_sales`...
[2026-06-10 17:59:52] INFO [Load.clear_table:28] Clearing existing data from table: aw_sales
[2026-06-10 17:59:52] INFO [Load.clear_table:35] Table aw_sales truncated successfully.
[2026-06-10 17:59:56] INFO [Load.load_data:86] Successfully loaded `aw_sales` table.
[2026-06-10 17:59:56] INFO [Load.load_data:72] Loading 1809 records into table `aw_returns`...
[2026-06-10 17:59:56] INFO [Load.clear_table:28] Clearing existing data from table: aw_returns
[2026-06-10 17:59:56] INFO [Load.clear_table:35] Table aw_returns truncated successfully.
[2026-06-10 17:59:56] INFO [Load.load_data:86] Successfully loaded `aw_returns` table.
[2026-06-10 17:59:56] INFO [Load.load_data:91] Loading phase completed successfully.
[2026-06-10 17:59:56] INFO [Orchestrator.run_pipeline:40] Loading completed in 7.64 seconds.
[2026-06-10 17:59:56] INFO [Orchestrator.run_pipeline:43] ==============================================
[2026-06-10 17:59:56] INFO [Orchestrator.run_pipeline:44]   ETL PIPELINE RUN COMPLETED SUCCESSFULLY!    
[2026-06-10 17:59:56] INFO [Orchestrator.run_pipeline:45]   Total execution time: 8.82 seconds.
[2026-06-10 17:59:56] INFO [Orchestrator.run_pipeline:46] ==============================================
[2026-06-10 18:10:53] INFO [Orchestrator.run_pipeline:13] ==============================================
[2026-06-10 18:10:53] INFO [Orchestrator.run_pipeline:14]   STARTING PYTHON ETL PIPELINE REPLACEMENT    
[2026-06-10 18:10:53] INFO [Orchestrator.run_pipeline:15] ==============================================
[2026-06-10 18:10:53] INFO [Orchestrator.run_pipeline:22] [ETL PHASE 1/3] Extracting raw files...
[2026-06-10 18:10:53] INFO [Extract.extract_csv:13] Extracting AdventureWorks_Calendar.csv.csv from path: C:\Users\pc\Desktop\BI\Dataset\AdventureWorks_Calendar.csv.csv
[2026-06-10 18:10:53] INFO [Extract.extract_csv:21] Successfully loaded AdventureWorks_Calendar.csv.csv with utf-8-sig encoding. Shape: (912, 1)
[2026-06-10 18:10:53] INFO [Extract.extract_csv:13] Extracting AdventureWorks_Customers.csv.csv from path: C:\Users\pc\Desktop\BI\Dataset\AdventureWorks_Customers.csv.csv
[2026-06-10 18:10:53] WARNING [Extract.extract_csv:25] UTF-8 decode failed for AdventureWorks_Customers.csv.csv. Retrying with ISO-8859-1 or latin-1...
[2026-06-10 18:10:54] INFO [Extract.extract_csv:27] Successfully loaded AdventureWorks_Customers.csv.csv with latin-1 fallback. Shape: (18148, 13)
[2026-06-10 18:10:54] INFO [Extract.extract_csv:13] Extracting AdventureWorks_Product_Categories.csv.csv from path: C:\Users\pc\Desktop\BI\Dataset\AdventureWorks_Product_Categories.csv.csv
[2026-06-10 18:10:54] INFO [Extract.extract_csv:21] Successfully loaded AdventureWorks_Product_Categories.csv.csv with utf-8-sig encoding. Shape: (4, 2)
[2026-06-10 18:10:54] INFO [Extract.extract_csv:13] Extracting AdventureWorks_Product_Subcategories.csv.csv from path: C:\Users\pc\Desktop\BI\Dataset\AdventureWorks_Product_Subcategories.csv.csv
[2026-06-10 18:10:54] INFO [Extract.extract_csv:21] Successfully loaded AdventureWorks_Product_Subcategories.csv.csv with utf-8-sig encoding. Shape: (37, 3)
[2026-06-10 18:10:54] INFO [Extract.extract_csv:13] Extracting AdventureWorks_Products.csv.csv from path: C:\Users\pc\Desktop\BI\Dataset\AdventureWorks_Products.csv.csv
[2026-06-10 18:10:54] INFO [Extract.extract_csv:21] Successfully loaded AdventureWorks_Products.csv.csv with utf-8-sig encoding. Shape: (293, 11)
[2026-06-10 18:10:54] INFO [Extract.extract_csv:13] Extracting AdventureWorks_Returns.csv.csv from path: C:\Users\pc\Desktop\BI\Dataset\AdventureWorks_Returns.csv.csv
[2026-06-10 18:10:54] INFO [Extract.extract_csv:21] Successfully loaded AdventureWorks_Returns.csv.csv with utf-8-sig encoding. Shape: (1809, 4)
[2026-06-10 18:10:54] INFO [Extract.extract_csv:13] Extracting AdventureWorks_Territories.csv.csv from path: C:\Users\pc\Desktop\BI\Dataset\AdventureWorks_Territories.csv.csv
[2026-06-10 18:10:54] INFO [Extract.extract_csv:21] Successfully loaded AdventureWorks_Territories.csv.csv with utf-8-sig encoding. Shape: (10, 4)
[2026-06-10 18:10:54] INFO [Extract.extract_csv:13] Extracting AdventureWorks_Sales_2015.csv.csv from path: C:\Users\pc\Desktop\BI\Dataset\Sales\AdventureWorks_Sales_2015.csv.csv
[2026-06-10 18:10:54] INFO [Extract.extract_csv:21] Successfully loaded AdventureWorks_Sales_2015.csv.csv with utf-8-sig encoding. Shape: (2630, 8)
[2026-06-10 18:10:54] INFO [Extract.extract_csv:13] Extracting AdventureWorks_Sales_2016.csv.csv from path: C:\Users\pc\Desktop\BI\Dataset\Sales\AdventureWorks_Sales_2016.csv.csv
[2026-06-10 18:10:54] INFO [Extract.extract_csv:21] Successfully loaded AdventureWorks_Sales_2016.csv.csv with utf-8-sig encoding. Shape: (23935, 8)
[2026-06-10 18:10:54] INFO [Extract.extract_csv:13] Extracting AdventureWorks_Sales_2017.csv.csv from path: C:\Users\pc\Desktop\BI\Dataset\Sales\AdventureWorks_Sales_2017.csv.csv
[2026-06-10 18:10:54] INFO [Extract.extract_csv:21] Successfully loaded AdventureWorks_Sales_2017.csv.csv with utf-8-sig encoding. Shape: (29481, 8)
[2026-06-10 18:10:54] INFO [Extract.extract_all:67] Unifying sales datasets (2015, 2016, 2017)...
[2026-06-10 18:10:54] INFO [Extract.extract_all:69] Unified Sales dataset shape: (56046, 8)
[2026-06-10 18:10:54] INFO [Orchestrator.run_pipeline:25] Extraction completed in 0.37 seconds.
[2026-06-10 18:10:54] INFO [Orchestrator.run_pipeline:29] [ETL PHASE 2/3] Transforming datasets...
[2026-06-10 18:10:54] INFO [Transform.transform_territories:289] Transforming Territories lookup...
[2026-06-10 18:10:54] INFO [Transform.transform_product_categories:304] Transforming Product Categories lookup...
[2026-06-10 18:10:54] INFO [Transform.transform_product_subcategories:315] Transforming Product Subcategories lookup...
[2026-06-10 18:10:54] INFO [Transform.transform_calendar:152] Transforming Calendar dataset...
[2026-06-10 18:10:54] INFO [Transform.transform_calendar:191] Calendar transformation complete. Shape: (912, 10)
[2026-06-10 18:10:54] INFO [Transform.transform_customers:11] Transforming Customers dataset...
[2026-06-10 18:10:55] INFO [Transform.transform_customers:101] Customers transformation complete. Shape: (18148, 21)
[2026-06-10 18:10:55] INFO [Transform.transform_products:108] Transforming Products dataset...
[2026-06-10 18:10:55] INFO [Transform.transform_products:145] Products transformation complete. Shape: (293, 14)
[2026-06-10 18:10:55] INFO [Transform.transform_sales:198] Transforming Sales Fact dataset...
[2026-06-10 18:10:56] INFO [Transform.transform_sales:226] Enforcing referential integrity on Sales Fact table...
[2026-06-10 18:10:56] INFO [Transform.transform_sales:250] Sales Fact transformation complete. Final Rows: 56046 (Dropped 0 invalid rows)
[2026-06-10 18:10:56] INFO [Transform.transform_returns:257] Transforming Returns Fact dataset...
[2026-06-10 18:10:56] INFO [Transform.transform_returns:273] Enforcing referential integrity on Returns Fact table...
[2026-06-10 18:10:56] INFO [Transform.transform_returns:282] Returns Fact transformation complete. Final Rows: 1809 (Dropped 0 invalid rows)
[2026-06-10 18:10:56] INFO [Orchestrator.run_pipeline:32] Transformation completed in 1.95 seconds.
[2026-06-10 18:10:56] INFO [Orchestrator.run_pipeline:36] [ETL PHASE 3/3] Loading processed data to MySQL...
[2026-06-10 18:10:56] INFO [Load.get_db_engine:11] Initializing database connection engine...
[2026-06-10 18:10:57] INFO [Load.get_db_engine:17] Database connection established successfully.
[2026-06-10 18:10:57] INFO [Load.load_data:64] Beginning the database loading phase...
[2026-06-10 18:10:57] INFO [Load.load_data:72] Loading 10 records into table `aw_territories_lookup`...
[2026-06-10 18:10:57] INFO [Load.clear_table:28] Clearing existing data from table: aw_territories_lookup
[2026-06-10 18:10:57] INFO [Load.clear_table:35] Table aw_territories_lookup truncated successfully.
[2026-06-10 18:10:57] INFO [Load.load_data:86] Successfully loaded `aw_territories_lookup` table.
[2026-06-10 18:10:57] INFO [Load.load_data:72] Loading 4 records into table `aw_product_category_lookup`...
[2026-06-10 18:10:57] INFO [Load.clear_table:28] Clearing existing data from table: aw_product_category_lookup
[2026-06-10 18:10:58] INFO [Load.clear_table:35] Table aw_product_category_lookup truncated successfully.
[2026-06-10 18:10:58] INFO [Load.load_data:86] Successfully loaded `aw_product_category_lookup` table.
[2026-06-10 18:10:58] INFO [Load.load_data:72] Loading 37 records into table `aw_product_subcategory_lookup`...
[2026-06-10 18:10:58] INFO [Load.clear_table:28] Clearing existing data from table: aw_product_subcategory_lookup
[2026-06-10 18:10:58] INFO [Load.clear_table:35] Table aw_product_subcategory_lookup truncated successfully.
[2026-06-10 18:10:58] INFO [Load.load_data:86] Successfully loaded `aw_product_subcategory_lookup` table.
[2026-06-10 18:10:58] INFO [Load.load_data:72] Loading 912 records into table `aw_calendar_lookup`...
[2026-06-10 18:10:58] INFO [Load.clear_table:28] Clearing existing data from table: aw_calendar_lookup
[2026-06-10 18:10:58] INFO [Load.clear_table:35] Table aw_calendar_lookup truncated successfully.
[2026-06-10 18:10:58] INFO [Load.load_data:86] Successfully loaded `aw_calendar_lookup` table.
[2026-06-10 18:10:58] INFO [Load.load_data:72] Loading 18148 records into table `aw_customers_lookup`...
[2026-06-10 18:10:58] INFO [Load.clear_table:28] Clearing existing data from table: aw_customers_lookup
[2026-06-10 18:10:58] INFO [Load.clear_table:35] Table aw_customers_lookup truncated successfully.
[2026-06-10 18:11:01] INFO [Load.load_data:86] Successfully loaded `aw_customers_lookup` table.
[2026-06-10 18:11:01] INFO [Load.load_data:72] Loading 293 records into table `aw_products_lookup`...
[2026-06-10 18:11:01] INFO [Load.clear_table:28] Clearing existing data from table: aw_products_lookup
[2026-06-10 18:11:01] INFO [Load.clear_table:35] Table aw_products_lookup truncated successfully.
[2026-06-10 18:11:01] INFO [Load.load_data:86] Successfully loaded `aw_products_lookup` table.
[2026-06-10 18:11:01] INFO [Load.load_data:72] Loading 56046 records into table `aw_sales`...
[2026-06-10 18:11:01] INFO [Load.clear_table:28] Clearing existing data from table: aw_sales
[2026-06-10 18:11:01] INFO [Load.clear_table:35] Table aw_sales truncated successfully.
[2026-06-10 18:11:07] INFO [Load.load_data:86] Successfully loaded `aw_sales` table.
[2026-06-10 18:11:07] INFO [Load.load_data:72] Loading 1809 records into table `aw_returns`...
[2026-06-10 18:11:07] INFO [Load.clear_table:28] Clearing existing data from table: aw_returns
[2026-06-10 18:11:07] INFO [Load.clear_table:35] Table aw_returns truncated successfully.
[2026-06-10 18:11:07] INFO [Load.load_data:86] Successfully loaded `aw_returns` table.
[2026-06-10 18:11:07] INFO [Load.load_data:91] Loading phase completed successfully.
[2026-06-10 18:11:07] INFO [Orchestrator.run_pipeline:40] Loading completed in 11.09 seconds.
[2026-06-10 18:11:07] INFO [Orchestrator.run_pipeline:43] ==============================================
[2026-06-10 18:11:07] INFO [Orchestrator.run_pipeline:44]   ETL PIPELINE RUN COMPLETED SUCCESSFULLY!    
[2026-06-10 18:11:07] INFO [Orchestrator.run_pipeline:45]   Total execution time: 13.41 seconds.
[2026-06-10 18:11:07] INFO [Orchestrator.run_pipeline:46] ==============================================
[2026-06-10 18:37:22] INFO [Orchestrator.run_pipeline:13] ==============================================
[2026-06-10 18:37:22] INFO [Orchestrator.run_pipeline:14]   STARTING PYTHON ETL PIPELINE REPLACEMENT    
[2026-06-10 18:37:22] INFO [Orchestrator.run_pipeline:15] ==============================================
[2026-06-10 18:37:22] INFO [Orchestrator.run_pipeline:22] [ETL PHASE 1/3] Extracting raw files...
[2026-06-10 18:37:22] INFO [Extract.extract_csv:13] Extracting AdventureWorks_Calendar.csv.csv from path: C:\Users\pc\Desktop\BI\Dataset\AdventureWorks_Calendar.csv.csv
[2026-06-10 18:37:22] INFO [Extract.extract_csv:21] Successfully loaded AdventureWorks_Calendar.csv.csv with utf-8-sig encoding. Shape: (912, 1)
[2026-06-10 18:37:22] INFO [Extract.extract_csv:13] Extracting AdventureWorks_Customers.csv.csv from path: C:\Users\pc\Desktop\BI\Dataset\AdventureWorks_Customers.csv.csv
[2026-06-10 18:37:22] WARNING [Extract.extract_csv:25] UTF-8 decode failed for AdventureWorks_Customers.csv.csv. Retrying with ISO-8859-1 or latin-1...
[2026-06-10 18:37:22] INFO [Extract.extract_csv:27] Successfully loaded AdventureWorks_Customers.csv.csv with latin-1 fallback. Shape: (18148, 13)
[2026-06-10 18:37:22] INFO [Extract.extract_csv:13] Extracting AdventureWorks_Product_Categories.csv.csv from path: C:\Users\pc\Desktop\BI\Dataset\AdventureWorks_Product_Categories.csv.csv
[2026-06-10 18:37:22] INFO [Extract.extract_csv:21] Successfully loaded AdventureWorks_Product_Categories.csv.csv with utf-8-sig encoding. Shape: (4, 2)
[2026-06-10 18:37:22] INFO [Extract.extract_csv:13] Extracting AdventureWorks_Product_Subcategories.csv.csv from path: C:\Users\pc\Desktop\BI\Dataset\AdventureWorks_Product_Subcategories.csv.csv
[2026-06-10 18:37:22] INFO [Extract.extract_csv:21] Successfully loaded AdventureWorks_Product_Subcategories.csv.csv with utf-8-sig encoding. Shape: (37, 3)
[2026-06-10 18:37:22] INFO [Extract.extract_csv:13] Extracting AdventureWorks_Products.csv.csv from path: C:\Users\pc\Desktop\BI\Dataset\AdventureWorks_Products.csv.csv
[2026-06-10 18:37:22] INFO [Extract.extract_csv:21] Successfully loaded AdventureWorks_Products.csv.csv with utf-8-sig encoding. Shape: (293, 11)
[2026-06-10 18:37:22] INFO [Extract.extract_csv:13] Extracting AdventureWorks_Returns.csv.csv from path: C:\Users\pc\Desktop\BI\Dataset\AdventureWorks_Returns.csv.csv
[2026-06-10 18:37:22] INFO [Extract.extract_csv:21] Successfully loaded AdventureWorks_Returns.csv.csv with utf-8-sig encoding. Shape: (1809, 4)
[2026-06-10 18:37:22] INFO [Extract.extract_csv:13] Extracting AdventureWorks_Territories.csv.csv from path: C:\Users\pc\Desktop\BI\Dataset\AdventureWorks_Territories.csv.csv
[2026-06-10 18:37:22] INFO [Extract.extract_csv:21] Successfully loaded AdventureWorks_Territories.csv.csv with utf-8-sig encoding. Shape: (10, 4)
[2026-06-10 18:37:22] INFO [Extract.extract_csv:13] Extracting AdventureWorks_Sales_2015.csv.csv from path: C:\Users\pc\Desktop\BI\Dataset\Sales\AdventureWorks_Sales_2015.csv.csv
[2026-06-10 18:37:22] INFO [Extract.extract_csv:21] Successfully loaded AdventureWorks_Sales_2015.csv.csv with utf-8-sig encoding. Shape: (2630, 8)
[2026-06-10 18:37:22] INFO [Extract.extract_csv:13] Extracting AdventureWorks_Sales_2016.csv.csv from path: C:\Users\pc\Desktop\BI\Dataset\Sales\AdventureWorks_Sales_2016.csv.csv
[2026-06-10 18:37:22] INFO [Extract.extract_csv:21] Successfully loaded AdventureWorks_Sales_2016.csv.csv with utf-8-sig encoding. Shape: (23935, 8)
[2026-06-10 18:37:22] INFO [Extract.extract_csv:13] Extracting AdventureWorks_Sales_2017.csv.csv from path: C:\Users\pc\Desktop\BI\Dataset\Sales\AdventureWorks_Sales_2017.csv.csv
[2026-06-10 18:37:22] INFO [Extract.extract_csv:21] Successfully loaded AdventureWorks_Sales_2017.csv.csv with utf-8-sig encoding. Shape: (29481, 8)
[2026-06-10 18:37:22] INFO [Extract.extract_all:67] Unifying sales datasets (2015, 2016, 2017)...
[2026-06-10 18:37:22] INFO [Extract.extract_all:69] Unified Sales dataset shape: (56046, 8)
[2026-06-10 18:37:22] INFO [Orchestrator.run_pipeline:25] Extraction completed in 0.15 seconds.
[2026-06-10 18:37:22] INFO [Orchestrator.run_pipeline:29] [ETL PHASE 2/3] Transforming datasets...
[2026-06-10 18:37:22] INFO [Transform.transform_territories:289] Transforming Territories lookup...
[2026-06-10 18:37:22] INFO [Transform.transform_product_categories:304] Transforming Product Categories lookup...
[2026-06-10 18:37:22] INFO [Transform.transform_product_subcategories:315] Transforming Product Subcategories lookup...
[2026-06-10 18:37:22] INFO [Transform.transform_calendar:152] Transforming Calendar dataset...
[2026-06-10 18:37:22] INFO [Transform.transform_calendar:191] Calendar transformation complete. Shape: (912, 10)
[2026-06-10 18:37:22] INFO [Transform.transform_customers:11] Transforming Customers dataset...
[2026-06-10 18:37:23] INFO [Transform.transform_customers:101] Customers transformation complete. Shape: (18148, 21)
[2026-06-10 18:37:23] INFO [Transform.transform_products:108] Transforming Products dataset...
[2026-06-10 18:37:23] INFO [Transform.transform_products:145] Products transformation complete. Shape: (293, 14)
[2026-06-10 18:37:23] INFO [Transform.transform_sales:198] Transforming Sales Fact dataset...
[2026-06-10 18:37:23] INFO [Transform.transform_sales:226] Enforcing referential integrity on Sales Fact table...
[2026-06-10 18:37:23] INFO [Transform.transform_sales:250] Sales Fact transformation complete. Final Rows: 56046 (Dropped 0 invalid rows)
[2026-06-10 18:37:23] INFO [Transform.transform_returns:257] Transforming Returns Fact dataset...
[2026-06-10 18:37:23] INFO [Transform.transform_returns:273] Enforcing referential integrity on Returns Fact table...
[2026-06-10 18:37:23] INFO [Transform.transform_returns:282] Returns Fact transformation complete. Final Rows: 1809 (Dropped 0 invalid rows)
[2026-06-10 18:37:23] INFO [Orchestrator.run_pipeline:32] Transformation completed in 0.70 seconds.
[2026-06-10 18:37:23] INFO [Orchestrator.run_pipeline:36] [ETL PHASE 3/3] Loading processed data to MySQL...
[2026-06-10 18:37:23] INFO [Load.get_db_engine:11] Initializing database connection engine...
[2026-06-10 18:37:23] INFO [Load.get_db_engine:17] Database connection established successfully.
[2026-06-10 18:37:23] INFO [Load.load_data:64] Beginning the database loading phase...
[2026-06-10 18:37:23] INFO [Load.load_data:72] Loading 10 records into table `aw_territories_lookup`...
[2026-06-10 18:37:23] INFO [Load.clear_table:28] Clearing existing data from table: aw_territories_lookup
[2026-06-10 18:37:23] INFO [Load.clear_table:35] Table aw_territories_lookup truncated successfully.
[2026-06-10 18:37:23] INFO [Load.load_data:86] Successfully loaded `aw_territories_lookup` table.
[2026-06-10 18:37:23] INFO [Load.load_data:72] Loading 4 records into table `aw_product_category_lookup`...
[2026-06-10 18:37:23] INFO [Load.clear_table:28] Clearing existing data from table: aw_product_category_lookup
[2026-06-10 18:37:23] INFO [Load.clear_table:35] Table aw_product_category_lookup truncated successfully.
[2026-06-10 18:37:23] INFO [Load.load_data:86] Successfully loaded `aw_product_category_lookup` table.
[2026-06-10 18:37:23] INFO [Load.load_data:72] Loading 37 records into table `aw_product_subcategory_lookup`...
[2026-06-10 18:37:23] INFO [Load.clear_table:28] Clearing existing data from table: aw_product_subcategory_lookup
[2026-06-10 18:37:23] INFO [Load.clear_table:35] Table aw_product_subcategory_lookup truncated successfully.
[2026-06-10 18:37:23] INFO [Load.load_data:86] Successfully loaded `aw_product_subcategory_lookup` table.
[2026-06-10 18:37:23] INFO [Load.load_data:72] Loading 912 records into table `aw_calendar_lookup`...
[2026-06-10 18:37:23] INFO [Load.clear_table:28] Clearing existing data from table: aw_calendar_lookup
[2026-06-10 18:37:23] INFO [Load.clear_table:35] Table aw_calendar_lookup truncated successfully.
[2026-06-10 18:37:23] INFO [Load.load_data:86] Successfully loaded `aw_calendar_lookup` table.
[2026-06-10 18:37:23] INFO [Load.load_data:72] Loading 18148 records into table `aw_customers_lookup`...
[2026-06-10 18:37:23] INFO [Load.clear_table:28] Clearing existing data from table: aw_customers_lookup
[2026-06-10 18:37:23] INFO [Load.clear_table:35] Table aw_customers_lookup truncated successfully.
[2026-06-10 18:37:25] INFO [Load.load_data:86] Successfully loaded `aw_customers_lookup` table.
[2026-06-10 18:37:25] INFO [Load.load_data:72] Loading 293 records into table `aw_products_lookup`...
[2026-06-10 18:37:25] INFO [Load.clear_table:28] Clearing existing data from table: aw_products_lookup
[2026-06-10 18:37:25] INFO [Load.clear_table:35] Table aw_products_lookup truncated successfully.
[2026-06-10 18:37:25] INFO [Load.load_data:86] Successfully loaded `aw_products_lookup` table.
[2026-06-10 18:37:25] INFO [Load.load_data:72] Loading 56046 records into table `aw_sales`...
[2026-06-10 18:37:25] INFO [Load.clear_table:28] Clearing existing data from table: aw_sales
[2026-06-10 18:37:25] INFO [Load.clear_table:35] Table aw_sales truncated successfully.
[2026-06-10 18:37:28] INFO [Load.load_data:86] Successfully loaded `aw_sales` table.
[2026-06-10 18:37:28] INFO [Load.load_data:72] Loading 1809 records into table `aw_returns`...
[2026-06-10 18:37:28] INFO [Load.clear_table:28] Clearing existing data from table: aw_returns
[2026-06-10 18:37:28] INFO [Load.clear_table:35] Table aw_returns truncated successfully.
[2026-06-10 18:37:28] INFO [Load.load_data:86] Successfully loaded `aw_returns` table.
[2026-06-10 18:37:28] INFO [Load.load_data:91] Loading phase completed successfully.
[2026-06-10 18:37:28] INFO [Orchestrator.run_pipeline:40] Loading completed in 5.08 seconds.
[2026-06-10 18:37:28] INFO [Orchestrator.run_pipeline:43] ==============================================
[2026-06-10 18:37:28] INFO [Orchestrator.run_pipeline:44]   ETL PIPELINE RUN COMPLETED SUCCESSFULLY!    
[2026-06-10 18:37:28] INFO [Orchestrator.run_pipeline:45]   Total execution time: 5.93 seconds.
[2026-06-10 18:37:28] INFO [Orchestrator.run_pipeline:46] ==============================================
[2026-06-10 19:42:48] INFO [Orchestrator.run_pipeline:13] ==============================================
[2026-06-10 19:42:48] INFO [Orchestrator.run_pipeline:14]   STARTING PYTHON ETL PIPELINE REPLACEMENT    
[2026-06-10 19:42:48] INFO [Orchestrator.run_pipeline:15] ==============================================
[2026-06-10 19:42:48] INFO [Orchestrator.run_pipeline:22] [ETL PHASE 1/3] Extracting raw files...
[2026-06-10 19:42:48] INFO [Extract.extract_csv:34] Extracting AdventureWorks_Calendar.csv.csv from path: C:\Users\pc\Desktop\BI\Dataset\AdventureWorks_Calendar.csv.csv
[2026-06-10 19:42:48] INFO [Extract.extract_csv:39] Successfully loaded AdventureWorks_Calendar.csv.csv with utf-8-sig encoding. Shape: (912, 1)
[2026-06-10 19:42:48] INFO [Extract.extract_csv:34] Extracting AdventureWorks_Customers.csv.csv from path: C:\Users\pc\Desktop\BI\Dataset\AdventureWorks_Customers.csv.csv
[2026-06-10 19:42:48] WARNING [Extract.extract_csv:43] UTF-8 decode failed for AdventureWorks_Customers.csv.csv. Retrying with ISO-8859-1 or latin-1...
[2026-06-10 19:42:48] INFO [Extract.extract_csv:45] Successfully loaded AdventureWorks_Customers.csv.csv with latin-1 fallback. Shape: (18148, 13)
[2026-06-10 19:42:48] INFO [Extract.extract_csv:34] Extracting AdventureWorks_Product_Categories.csv.csv from path: C:\Users\pc\Desktop\BI\Dataset\AdventureWorks_Product_Categories.csv.csv
[2026-06-10 19:42:48] INFO [Extract.extract_csv:39] Successfully loaded AdventureWorks_Product_Categories.csv.csv with utf-8-sig encoding. Shape: (4, 2)
[2026-06-10 19:42:48] INFO [Extract.extract_csv:34] Extracting AdventureWorks_Product_Subcategories.csv.csv from path: C:\Users\pc\Desktop\BI\Dataset\AdventureWorks_Product_Subcategories.csv.csv
[2026-06-10 19:42:48] INFO [Extract.extract_csv:39] Successfully loaded AdventureWorks_Product_Subcategories.csv.csv with utf-8-sig encoding. Shape: (37, 3)
[2026-06-10 19:42:48] INFO [Extract.extract_csv:34] Extracting AdventureWorks_Products.csv.csv from path: C:\Users\pc\Desktop\BI\Dataset\AdventureWorks_Products.csv.csv
[2026-06-10 19:42:48] INFO [Extract.extract_csv:39] Successfully loaded AdventureWorks_Products.csv.csv with utf-8-sig encoding. Shape: (293, 11)
[2026-06-10 19:42:48] INFO [Extract.extract_csv:34] Extracting AdventureWorks_Returns.csv.csv from path: C:\Users\pc\Desktop\BI\Dataset\AdventureWorks_Returns.csv.csv
[2026-06-10 19:42:48] INFO [Extract.extract_csv:39] Successfully loaded AdventureWorks_Returns.csv.csv with utf-8-sig encoding. Shape: (1809, 4)
[2026-06-10 19:42:48] INFO [Extract.extract_csv:34] Extracting AdventureWorks_Territories.csv.csv from path: C:\Users\pc\Desktop\BI\Dataset\AdventureWorks_Territories.csv.csv
[2026-06-10 19:42:48] INFO [Extract.extract_csv:39] Successfully loaded AdventureWorks_Territories.csv.csv with utf-8-sig encoding. Shape: (10, 4)
[2026-06-10 19:42:48] INFO [Extract.extract_csv:34] Extracting AdventureWorks_Sales_2015.csv.csv from path: C:\Users\pc\Desktop\BI\Dataset\Sales\AdventureWorks_Sales_2015.csv.csv
[2026-06-10 19:42:48] INFO [Extract.extract_csv:39] Successfully loaded AdventureWorks_Sales_2015.csv.csv with utf-8-sig encoding. Shape: (2630, 8)
[2026-06-10 19:42:48] INFO [Extract.extract_csv:34] Extracting AdventureWorks_Sales_2016.csv.csv from path: C:\Users\pc\Desktop\BI\Dataset\Sales\AdventureWorks_Sales_2016.csv.csv
[2026-06-10 19:42:48] INFO [Extract.extract_csv:39] Successfully loaded AdventureWorks_Sales_2016.csv.csv with utf-8-sig encoding. Shape: (23935, 8)
[2026-06-10 19:42:48] INFO [Extract.extract_csv:34] Extracting AdventureWorks_Sales_2017.csv.csv from path: C:\Users\pc\Desktop\BI\Dataset\Sales\AdventureWorks_Sales_2017.csv.csv
[2026-06-10 19:42:48] INFO [Extract.extract_csv:39] Successfully loaded AdventureWorks_Sales_2017.csv.csv with utf-8-sig encoding. Shape: (29481, 8)
[2026-06-10 19:42:48] INFO [Extract.extract_all:85] Unifying sales datasets (2015, 2016, 2017)...
[2026-06-10 19:42:48] INFO [Extract.extract_all:87] Unified Sales dataset shape: (56046, 8)
[2026-06-10 19:42:48] INFO [Orchestrator.run_pipeline:25] Extraction completed in 0.71 seconds.
[2026-06-10 19:42:48] INFO [Orchestrator.run_pipeline:29] [ETL PHASE 2/3] Transforming datasets...
[2026-06-10 19:42:48] INFO [Transform.transform_territories:289] Transforming Territories lookup...
[2026-06-10 19:42:48] INFO [Transform.transform_product_categories:304] Transforming Product Categories lookup...
[2026-06-10 19:42:48] INFO [Transform.transform_product_subcategories:315] Transforming Product Subcategories lookup...
[2026-06-10 19:42:48] INFO [Transform.transform_calendar:152] Transforming Calendar dataset...
[2026-06-10 19:42:48] INFO [Transform.transform_calendar:191] Calendar transformation complete. Shape: (912, 10)
[2026-06-10 19:42:48] INFO [Transform.transform_customers:11] Transforming Customers dataset...
[2026-06-10 19:42:51] INFO [Transform.transform_customers:101] Customers transformation complete. Shape: (18148, 21)
[2026-06-10 19:42:51] INFO [Transform.transform_products:108] Transforming Products dataset...
[2026-06-10 19:42:51] INFO [Transform.transform_products:145] Products transformation complete. Shape: (293, 14)
[2026-06-10 19:42:51] INFO [Transform.transform_sales:198] Transforming Sales Fact dataset...
[2026-06-10 19:42:52] INFO [Transform.transform_sales:226] Enforcing referential integrity on Sales Fact table...
[2026-06-10 19:42:52] INFO [Transform.transform_sales:250] Sales Fact transformation complete. Final Rows: 56046 (Dropped 0 invalid rows)
[2026-06-10 19:42:52] INFO [Transform.transform_returns:257] Transforming Returns Fact dataset...
[2026-06-10 19:42:52] INFO [Transform.transform_returns:273] Enforcing referential integrity on Returns Fact table...
[2026-06-10 19:42:52] INFO [Transform.transform_returns:282] Returns Fact transformation complete. Final Rows: 1809 (Dropped 0 invalid rows)
[2026-06-10 19:42:52] INFO [Orchestrator.run_pipeline:32] Transformation completed in 3.53 seconds.
[2026-06-10 19:42:52] INFO [Orchestrator.run_pipeline:36] [ETL PHASE 3/3] Loading processed data to MySQL...
[2026-06-10 19:42:52] INFO [Load.get_db_engine:11] Initializing database connection engine...
[2026-06-10 19:42:54] INFO [Load.get_db_engine:17] Database connection established successfully.
[2026-06-10 19:42:54] INFO [Load.load_data:64] Beginning the database loading phase...
[2026-06-10 19:42:54] INFO [Load.load_data:72] Loading 10 records into table `aw_territories_lookup`...
[2026-06-10 19:42:54] INFO [Load.clear_table:28] Clearing existing data from table: aw_territories_lookup
[2026-06-10 19:42:54] INFO [Load.clear_table:35] Table aw_territories_lookup truncated successfully.
[2026-06-10 19:42:54] INFO [Load.load_data:86] Successfully loaded `aw_territories_lookup` table.
[2026-06-10 19:42:54] INFO [Load.load_data:72] Loading 4 records into table `aw_product_category_lookup`...
[2026-06-10 19:42:54] INFO [Load.clear_table:28] Clearing existing data from table: aw_product_category_lookup
[2026-06-10 19:42:54] INFO [Load.clear_table:35] Table aw_product_category_lookup truncated successfully.
[2026-06-10 19:42:54] INFO [Load.load_data:86] Successfully loaded `aw_product_category_lookup` table.
[2026-06-10 19:42:54] INFO [Load.load_data:72] Loading 37 records into table `aw_product_subcategory_lookup`...
[2026-06-10 19:42:54] INFO [Load.clear_table:28] Clearing existing data from table: aw_product_subcategory_lookup
[2026-06-10 19:42:54] INFO [Load.clear_table:35] Table aw_product_subcategory_lookup truncated successfully.
[2026-06-10 19:42:54] INFO [Load.load_data:86] Successfully loaded `aw_product_subcategory_lookup` table.
[2026-06-10 19:42:54] INFO [Load.load_data:72] Loading 912 records into table `aw_calendar_lookup`...
[2026-06-10 19:42:54] INFO [Load.clear_table:28] Clearing existing data from table: aw_calendar_lookup
[2026-06-10 19:42:54] INFO [Load.clear_table:35] Table aw_calendar_lookup truncated successfully.
[2026-06-10 19:42:55] INFO [Load.load_data:86] Successfully loaded `aw_calendar_lookup` table.
[2026-06-10 19:42:55] INFO [Load.load_data:72] Loading 18148 records into table `aw_customers_lookup`...
[2026-06-10 19:42:55] INFO [Load.clear_table:28] Clearing existing data from table: aw_customers_lookup
[2026-06-10 19:42:55] INFO [Load.clear_table:35] Table aw_customers_lookup truncated successfully.
[2026-06-10 19:42:59] INFO [Load.load_data:86] Successfully loaded `aw_customers_lookup` table.
[2026-06-10 19:42:59] INFO [Load.load_data:72] Loading 293 records into table `aw_products_lookup`...
[2026-06-10 19:42:59] INFO [Load.clear_table:28] Clearing existing data from table: aw_products_lookup
[2026-06-10 19:42:59] INFO [Load.clear_table:35] Table aw_products_lookup truncated successfully.
[2026-06-10 19:42:59] INFO [Load.load_data:86] Successfully loaded `aw_products_lookup` table.
[2026-06-10 19:42:59] INFO [Load.load_data:72] Loading 56046 records into table `aw_sales`...
[2026-06-10 19:42:59] INFO [Load.clear_table:28] Clearing existing data from table: aw_sales
[2026-06-10 19:42:59] INFO [Load.clear_table:35] Table aw_sales truncated successfully.
[2026-06-10 19:43:03] INFO [Load.load_data:86] Successfully loaded `aw_sales` table.
[2026-06-10 19:43:03] INFO [Load.load_data:72] Loading 1809 records into table `aw_returns`...
[2026-06-10 19:43:03] INFO [Load.clear_table:28] Clearing existing data from table: aw_returns
[2026-06-10 19:43:03] INFO [Load.clear_table:35] Table aw_returns truncated successfully.
[2026-06-10 19:43:04] INFO [Load.load_data:86] Successfully loaded `aw_returns` table.
[2026-06-10 19:43:04] INFO [Load.load_data:91] Loading phase completed successfully.
[2026-06-10 19:43:04] INFO [Orchestrator.run_pipeline:40] Loading completed in 11.88 seconds.
[2026-06-10 19:43:04] INFO [Orchestrator.run_pipeline:43] ==============================================
[2026-06-10 19:43:04] INFO [Orchestrator.run_pipeline:44]   ETL PIPELINE RUN COMPLETED SUCCESSFULLY!    
[2026-06-10 19:43:04] INFO [Orchestrator.run_pipeline:45]   Total execution time: 16.11 seconds.
[2026-06-10 19:43:04] INFO [Orchestrator.run_pipeline:46] ==============================================
[2026-06-10 19:48:12] INFO [Orchestrator.run_pipeline:13] ==============================================
[2026-06-10 19:48:12] INFO [Orchestrator.run_pipeline:14]   STARTING PYTHON ETL PIPELINE REPLACEMENT    
[2026-06-10 19:48:12] INFO [Orchestrator.run_pipeline:15] ==============================================
[2026-06-10 19:48:12] INFO [Orchestrator.run_pipeline:22] [ETL PHASE 1/3] Extracting raw files...
[2026-06-10 19:48:12] INFO [Extract.extract_csv:34] Extracting AdventureWorks_Calendar.csv.csv from path: C:\Users\pc\Desktop\BI\Dataset\AdventureWorks_Calendar.csv.csv
[2026-06-10 19:48:12] INFO [Extract.extract_csv:39] Successfully loaded AdventureWorks_Calendar.csv.csv with utf-8-sig encoding. Shape: (912, 1)
[2026-06-10 19:48:12] INFO [Extract.extract_csv:34] Extracting AdventureWorks_Customers.csv.csv from path: C:\Users\pc\Desktop\BI\Dataset\AdventureWorks_Customers.csv.csv
[2026-06-10 19:48:12] WARNING [Extract.extract_csv:43] UTF-8 decode failed for AdventureWorks_Customers.csv.csv. Retrying with ISO-8859-1 or latin-1...
[2026-06-10 19:48:12] INFO [Extract.extract_csv:45] Successfully loaded AdventureWorks_Customers.csv.csv with latin-1 fallback. Shape: (18148, 13)
[2026-06-10 19:48:12] INFO [Extract.extract_csv:34] Extracting AdventureWorks_Product_Categories.csv.csv from path: C:\Users\pc\Desktop\BI\Dataset\AdventureWorks_Product_Categories.csv.csv
[2026-06-10 19:48:12] INFO [Extract.extract_csv:39] Successfully loaded AdventureWorks_Product_Categories.csv.csv with utf-8-sig encoding. Shape: (4, 2)
[2026-06-10 19:48:12] INFO [Extract.extract_csv:34] Extracting AdventureWorks_Product_Subcategories.csv.csv from path: C:\Users\pc\Desktop\BI\Dataset\AdventureWorks_Product_Subcategories.csv.csv
[2026-06-10 19:48:12] INFO [Extract.extract_csv:39] Successfully loaded AdventureWorks_Product_Subcategories.csv.csv with utf-8-sig encoding. Shape: (37, 3)
[2026-06-10 19:48:12] INFO [Extract.extract_csv:34] Extracting AdventureWorks_Products.csv.csv from path: C:\Users\pc\Desktop\BI\Dataset\AdventureWorks_Products.csv.csv
[2026-06-10 19:48:12] INFO [Extract.extract_csv:39] Successfully loaded AdventureWorks_Products.csv.csv with utf-8-sig encoding. Shape: (293, 11)
[2026-06-10 19:48:12] INFO [Extract.extract_csv:34] Extracting AdventureWorks_Returns.csv.csv from path: C:\Users\pc\Desktop\BI\Dataset\AdventureWorks_Returns.csv.csv
[2026-06-10 19:48:12] INFO [Extract.extract_csv:39] Successfully loaded AdventureWorks_Returns.csv.csv with utf-8-sig encoding. Shape: (1809, 4)
[2026-06-10 19:48:12] INFO [Extract.extract_csv:34] Extracting AdventureWorks_Territories.csv.csv from path: C:\Users\pc\Desktop\BI\Dataset\AdventureWorks_Territories.csv.csv
[2026-06-10 19:48:12] INFO [Extract.extract_csv:39] Successfully loaded AdventureWorks_Territories.csv.csv with utf-8-sig encoding. Shape: (10, 4)
[2026-06-10 19:48:12] INFO [Extract.extract_csv:34] Extracting AdventureWorks_Sales_2015.csv.csv from path: C:\Users\pc\Desktop\BI\Dataset\Sales\AdventureWorks_Sales_2015.csv.csv
[2026-06-10 19:48:12] INFO [Extract.extract_csv:39] Successfully loaded AdventureWorks_Sales_2015.csv.csv with utf-8-sig encoding. Shape: (2630, 8)
[2026-06-10 19:48:12] INFO [Extract.extract_csv:34] Extracting AdventureWorks_Sales_2016.csv.csv from path: C:\Users\pc\Desktop\BI\Dataset\Sales\AdventureWorks_Sales_2016.csv.csv
[2026-06-10 19:48:12] INFO [Extract.extract_csv:39] Successfully loaded AdventureWorks_Sales_2016.csv.csv with utf-8-sig encoding. Shape: (23935, 8)
[2026-06-10 19:48:12] INFO [Extract.extract_csv:34] Extracting AdventureWorks_Sales_2017.csv.csv from path: C:\Users\pc\Desktop\BI\Dataset\Sales\AdventureWorks_Sales_2017.csv.csv
[2026-06-10 19:48:12] INFO [Extract.extract_csv:39] Successfully loaded AdventureWorks_Sales_2017.csv.csv with utf-8-sig encoding. Shape: (29481, 8)
[2026-06-10 19:48:12] INFO [Extract.extract_all:85] Unifying sales datasets (2015, 2016, 2017)...
[2026-06-10 19:48:12] INFO [Extract.extract_all:87] Unified Sales dataset shape: (56046, 8)
[2026-06-10 19:48:12] INFO [Orchestrator.run_pipeline:25] Extraction completed in 0.24 seconds.
[2026-06-10 19:48:12] INFO [Orchestrator.run_pipeline:29] [ETL PHASE 2/3] Transforming datasets...
[2026-06-10 19:48:12] INFO [Transform.transform_territories:289] Transforming Territories lookup...
[2026-06-10 19:48:12] INFO [Transform.transform_product_categories:304] Transforming Product Categories lookup...
[2026-06-10 19:48:12] INFO [Transform.transform_product_subcategories:315] Transforming Product Subcategories lookup...
[2026-06-10 19:48:12] INFO [Transform.transform_calendar:152] Transforming Calendar dataset...
[2026-06-10 19:48:12] INFO [Transform.transform_calendar:191] Calendar transformation complete. Shape: (912, 10)
[2026-06-10 19:48:12] INFO [Transform.transform_customers:11] Transforming Customers dataset...
[2026-06-10 19:48:14] INFO [Transform.transform_customers:101] Customers transformation complete. Shape: (18148, 21)
[2026-06-10 19:48:14] INFO [Transform.transform_products:108] Transforming Products dataset...
[2026-06-10 19:48:14] INFO [Transform.transform_products:145] Products transformation complete. Shape: (293, 14)
[2026-06-10 19:48:14] INFO [Transform.transform_sales:198] Transforming Sales Fact dataset...
[2026-06-10 19:48:14] INFO [Transform.transform_sales:226] Enforcing referential integrity on Sales Fact table...
[2026-06-10 19:48:14] INFO [Transform.transform_sales:250] Sales Fact transformation complete. Final Rows: 56046 (Dropped 0 invalid rows)
[2026-06-10 19:48:14] INFO [Transform.transform_returns:257] Transforming Returns Fact dataset...
[2026-06-10 19:48:14] INFO [Transform.transform_returns:273] Enforcing referential integrity on Returns Fact table...
[2026-06-10 19:48:14] INFO [Transform.transform_returns:282] Returns Fact transformation complete. Final Rows: 1809 (Dropped 0 invalid rows)
[2026-06-10 19:48:14] INFO [Orchestrator.run_pipeline:32] Transformation completed in 1.74 seconds.
[2026-06-10 19:48:14] INFO [Orchestrator.run_pipeline:36] [ETL PHASE 3/3] Loading processed data to MySQL...
[2026-06-10 19:48:14] INFO [Load.get_db_engine:11] Initializing database connection engine...
[2026-06-10 19:48:14] INFO [Load.get_db_engine:17] Database connection established successfully.
[2026-06-10 19:48:14] INFO [Load.load_data:64] Beginning the database loading phase...
[2026-06-10 19:48:14] INFO [Load.load_data:72] Loading 10 records into table `aw_territories_lookup`...
[2026-06-10 19:48:14] INFO [Load.clear_table:28] Clearing existing data from table: aw_territories_lookup
[2026-06-10 19:48:14] INFO [Load.clear_table:35] Table aw_territories_lookup truncated successfully.
[2026-06-10 19:48:14] INFO [Load.load_data:86] Successfully loaded `aw_territories_lookup` table.
[2026-06-10 19:48:14] INFO [Load.load_data:72] Loading 4 records into table `aw_product_category_lookup`...
[2026-06-10 19:48:14] INFO [Load.clear_table:28] Clearing existing data from table: aw_product_category_lookup
[2026-06-10 19:48:15] INFO [Load.clear_table:35] Table aw_product_category_lookup truncated successfully.
[2026-06-10 19:48:15] INFO [Load.load_data:86] Successfully loaded `aw_product_category_lookup` table.
[2026-06-10 19:48:15] INFO [Load.load_data:72] Loading 37 records into table `aw_product_subcategory_lookup`...
[2026-06-10 19:48:15] INFO [Load.clear_table:28] Clearing existing data from table: aw_product_subcategory_lookup
[2026-06-10 19:48:15] INFO [Load.clear_table:35] Table aw_product_subcategory_lookup truncated successfully.
[2026-06-10 19:48:15] INFO [Load.load_data:86] Successfully loaded `aw_product_subcategory_lookup` table.
[2026-06-10 19:48:15] INFO [Load.load_data:72] Loading 912 records into table `aw_calendar_lookup`...
[2026-06-10 19:48:15] INFO [Load.clear_table:28] Clearing existing data from table: aw_calendar_lookup
[2026-06-10 19:48:15] INFO [Load.clear_table:35] Table aw_calendar_lookup truncated successfully.
[2026-06-10 19:48:15] INFO [Load.load_data:86] Successfully loaded `aw_calendar_lookup` table.
[2026-06-10 19:48:15] INFO [Load.load_data:72] Loading 18148 records into table `aw_customers_lookup`...
[2026-06-10 19:48:15] INFO [Load.clear_table:28] Clearing existing data from table: aw_customers_lookup
[2026-06-10 19:48:15] INFO [Load.clear_table:35] Table aw_customers_lookup truncated successfully.
[2026-06-10 19:48:17] INFO [Load.load_data:86] Successfully loaded `aw_customers_lookup` table.
[2026-06-10 19:48:17] INFO [Load.load_data:72] Loading 293 records into table `aw_products_lookup`...
[2026-06-10 19:48:17] INFO [Load.clear_table:28] Clearing existing data from table: aw_products_lookup
[2026-06-10 19:48:17] INFO [Load.clear_table:35] Table aw_products_lookup truncated successfully.
[2026-06-10 19:48:17] INFO [Load.load_data:86] Successfully loaded `aw_products_lookup` table.
[2026-06-10 19:48:17] INFO [Load.load_data:72] Loading 56046 records into table `aw_sales`...
[2026-06-10 19:48:17] INFO [Load.clear_table:28] Clearing existing data from table: aw_sales
[2026-06-10 19:48:17] INFO [Load.clear_table:35] Table aw_sales truncated successfully.
[2026-06-10 19:48:20] INFO [Load.load_data:86] Successfully loaded `aw_sales` table.
[2026-06-10 19:48:20] INFO [Load.load_data:72] Loading 1809 records into table `aw_returns`...
[2026-06-10 19:48:20] INFO [Load.clear_table:28] Clearing existing data from table: aw_returns
[2026-06-10 19:48:20] INFO [Load.clear_table:35] Table aw_returns truncated successfully.
[2026-06-10 19:48:21] INFO [Load.load_data:86] Successfully loaded `aw_returns` table.
[2026-06-10 19:48:21] INFO [Load.load_data:91] Loading phase completed successfully.
[2026-06-10 19:48:21] INFO [Orchestrator.run_pipeline:40] Loading completed in 6.48 seconds.
[2026-06-10 19:48:21] INFO [Orchestrator.run_pipeline:43] ==============================================
[2026-06-10 19:48:21] INFO [Orchestrator.run_pipeline:44]   ETL PIPELINE RUN COMPLETED SUCCESSFULLY!    
[2026-06-10 19:48:21] INFO [Orchestrator.run_pipeline:45]   Total execution time: 8.47 seconds.
[2026-06-10 19:48:21] INFO [Orchestrator.run_pipeline:46] ==============================================
[2026-06-10 22:08:13] INFO [Orchestrator.run_pipeline:13] ==============================================
[2026-06-10 22:08:13] INFO [Orchestrator.run_pipeline:14]   STARTING PYTHON ETL PIPELINE REPLACEMENT    
[2026-06-10 22:08:13] INFO [Orchestrator.run_pipeline:15] ==============================================
[2026-06-10 22:08:13] INFO [Orchestrator.run_pipeline:22] [ETL PHASE 1/3] Extracting raw files...
[2026-06-10 22:08:13] INFO [Extract.extract_csv:34] Extracting AdventureWorks_Calendar.csv.csv from path: C:\Users\pc\Desktop\BI\Dataset\AdventureWorks_Calendar.csv.csv
[2026-06-10 22:08:13] INFO [Extract.extract_csv:39] Successfully loaded AdventureWorks_Calendar.csv.csv with utf-8-sig encoding. Shape: (912, 1)
[2026-06-10 22:08:13] INFO [Extract.extract_csv:34] Extracting AdventureWorks_Customers.csv.csv from path: C:\Users\pc\Desktop\BI\Dataset\AdventureWorks_Customers.csv.csv
[2026-06-10 22:08:13] WARNING [Extract.extract_csv:43] UTF-8 decode failed for AdventureWorks_Customers.csv.csv. Retrying with ISO-8859-1 or latin-1...
[2026-06-10 22:08:13] INFO [Extract.extract_csv:45] Successfully loaded AdventureWorks_Customers.csv.csv with latin-1 fallback. Shape: (18148, 13)
[2026-06-10 22:08:13] INFO [Extract.extract_csv:34] Extracting AdventureWorks_Product_Categories.csv.csv from path: C:\Users\pc\Desktop\BI\Dataset\AdventureWorks_Product_Categories.csv.csv
[2026-06-10 22:08:13] INFO [Extract.extract_csv:39] Successfully loaded AdventureWorks_Product_Categories.csv.csv with utf-8-sig encoding. Shape: (4, 2)
[2026-06-10 22:08:13] INFO [Extract.extract_csv:34] Extracting AdventureWorks_Product_Subcategories.csv.csv from path: C:\Users\pc\Desktop\BI\Dataset\AdventureWorks_Product_Subcategories.csv.csv
[2026-06-10 22:08:13] INFO [Extract.extract_csv:39] Successfully loaded AdventureWorks_Product_Subcategories.csv.csv with utf-8-sig encoding. Shape: (37, 3)
[2026-06-10 22:08:13] INFO [Extract.extract_csv:34] Extracting AdventureWorks_Products.csv.csv from path: C:\Users\pc\Desktop\BI\Dataset\AdventureWorks_Products.csv.csv
[2026-06-10 22:08:13] INFO [Extract.extract_csv:39] Successfully loaded AdventureWorks_Products.csv.csv with utf-8-sig encoding. Shape: (293, 11)
[2026-06-10 22:08:13] INFO [Extract.extract_csv:34] Extracting AdventureWorks_Returns.csv.csv from path: C:\Users\pc\Desktop\BI\Dataset\AdventureWorks_Returns.csv.csv
[2026-06-10 22:08:13] INFO [Extract.extract_csv:39] Successfully loaded AdventureWorks_Returns.csv.csv with utf-8-sig encoding. Shape: (1809, 4)
[2026-06-10 22:08:13] INFO [Extract.extract_csv:34] Extracting AdventureWorks_Territories.csv.csv from path: C:\Users\pc\Desktop\BI\Dataset\AdventureWorks_Territories.csv.csv
[2026-06-10 22:08:13] INFO [Extract.extract_csv:39] Successfully loaded AdventureWorks_Territories.csv.csv with utf-8-sig encoding. Shape: (10, 4)
[2026-06-10 22:08:13] INFO [Extract.extract_csv:34] Extracting AdventureWorks_Sales_2015.csv.csv from path: C:\Users\pc\Desktop\BI\Dataset\Sales\AdventureWorks_Sales_2015.csv.csv
[2026-06-10 22:08:13] INFO [Extract.extract_csv:39] Successfully loaded AdventureWorks_Sales_2015.csv.csv with utf-8-sig encoding. Shape: (2630, 8)
[2026-06-10 22:08:13] INFO [Extract.extract_csv:34] Extracting AdventureWorks_Sales_2016.csv.csv from path: C:\Users\pc\Desktop\BI\Dataset\Sales\AdventureWorks_Sales_2016.csv.csv
[2026-06-10 22:08:13] INFO [Extract.extract_csv:39] Successfully loaded AdventureWorks_Sales_2016.csv.csv with utf-8-sig encoding. Shape: (23935, 8)
[2026-06-10 22:08:13] INFO [Extract.extract_csv:34] Extracting AdventureWorks_Sales_2017.csv.csv from path: C:\Users\pc\Desktop\BI\Dataset\Sales\AdventureWorks_Sales_2017.csv.csv
[2026-06-10 22:08:13] INFO [Extract.extract_csv:39] Successfully loaded AdventureWorks_Sales_2017.csv.csv with utf-8-sig encoding. Shape: (29481, 8)
[2026-06-10 22:08:13] INFO [Extract.extract_all:85] Unifying sales datasets (2015, 2016, 2017)...
[2026-06-10 22:08:13] INFO [Extract.extract_all:87] Unified Sales dataset shape: (56046, 8)
[2026-06-10 22:08:13] INFO [Orchestrator.run_pipeline:25] Extraction completed in 0.33 seconds.
[2026-06-10 22:08:13] INFO [Orchestrator.run_pipeline:29] [ETL PHASE 2/3] Transforming datasets...
[2026-06-10 22:08:13] INFO [Transform.transform_territories:289] Transforming Territories lookup...
[2026-06-10 22:08:13] INFO [Transform.transform_product_categories:304] Transforming Product Categories lookup...
[2026-06-10 22:08:13] INFO [Transform.transform_product_subcategories:315] Transforming Product Subcategories lookup...
[2026-06-10 22:08:13] INFO [Transform.transform_calendar:152] Transforming Calendar dataset...
[2026-06-10 22:08:13] INFO [Transform.transform_calendar:191] Calendar transformation complete. Shape: (912, 10)
[2026-06-10 22:08:13] INFO [Transform.transform_customers:11] Transforming Customers dataset...
[2026-06-10 22:08:14] INFO [Transform.transform_customers:101] Customers transformation complete. Shape: (18148, 21)
[2026-06-10 22:08:14] INFO [Transform.transform_products:108] Transforming Products dataset...
[2026-06-10 22:08:14] INFO [Transform.transform_products:145] Products transformation complete. Shape: (293, 14)
[2026-06-10 22:08:14] INFO [Transform.transform_sales:198] Transforming Sales Fact dataset...
[2026-06-10 22:08:14] INFO [Transform.transform_sales:226] Enforcing referential integrity on Sales Fact table...
[2026-06-10 22:08:14] INFO [Transform.transform_sales:250] Sales Fact transformation complete. Final Rows: 56046 (Dropped 0 invalid rows)
[2026-06-10 22:08:14] INFO [Transform.transform_returns:257] Transforming Returns Fact dataset...
[2026-06-10 22:08:14] INFO [Transform.transform_returns:273] Enforcing referential integrity on Returns Fact table...
[2026-06-10 22:08:14] INFO [Transform.transform_returns:282] Returns Fact transformation complete. Final Rows: 1809 (Dropped 0 invalid rows)
[2026-06-10 22:08:14] INFO [Orchestrator.run_pipeline:32] Transformation completed in 0.94 seconds.
[2026-06-10 22:08:14] INFO [Orchestrator.run_pipeline:36] [ETL PHASE 3/3] Loading processed data to MySQL...
[2026-06-10 22:08:14] INFO [Load.get_db_engine:11] Initializing database connection engine...
[2026-06-10 22:08:14] INFO [Load.get_db_engine:17] Database connection established successfully.
[2026-06-10 22:08:14] INFO [Load.load_data:64] Beginning the database loading phase...
[2026-06-10 22:08:14] INFO [Load.load_data:72] Loading 10 records into table `aw_territories_lookup`...
[2026-06-10 22:08:14] INFO [Load.clear_table:28] Clearing existing data from table: aw_territories_lookup
[2026-06-10 22:08:14] INFO [Load.clear_table:35] Table aw_territories_lookup truncated successfully.
[2026-06-10 22:08:15] INFO [Load.load_data:86] Successfully loaded `aw_territories_lookup` table.
[2026-06-10 22:08:15] INFO [Load.load_data:72] Loading 4 records into table `aw_product_category_lookup`...
[2026-06-10 22:08:15] INFO [Load.clear_table:28] Clearing existing data from table: aw_product_category_lookup
[2026-06-10 22:08:15] INFO [Load.clear_table:35] Table aw_product_category_lookup truncated successfully.
[2026-06-10 22:08:15] INFO [Load.load_data:86] Successfully loaded `aw_product_category_lookup` table.
[2026-06-10 22:08:15] INFO [Load.load_data:72] Loading 37 records into table `aw_product_subcategory_lookup`...
[2026-06-10 22:08:15] INFO [Load.clear_table:28] Clearing existing data from table: aw_product_subcategory_lookup
[2026-06-10 22:08:15] INFO [Load.clear_table:35] Table aw_product_subcategory_lookup truncated successfully.
[2026-06-10 22:08:15] INFO [Load.load_data:86] Successfully loaded `aw_product_subcategory_lookup` table.
[2026-06-10 22:08:15] INFO [Load.load_data:72] Loading 912 records into table `aw_calendar_lookup`...
[2026-06-10 22:08:15] INFO [Load.clear_table:28] Clearing existing data from table: aw_calendar_lookup
[2026-06-10 22:08:15] INFO [Load.clear_table:35] Table aw_calendar_lookup truncated successfully.
[2026-06-10 22:08:15] INFO [Load.load_data:86] Successfully loaded `aw_calendar_lookup` table.
[2026-06-10 22:08:15] INFO [Load.load_data:72] Loading 18148 records into table `aw_customers_lookup`...
[2026-06-10 22:08:15] INFO [Load.clear_table:28] Clearing existing data from table: aw_customers_lookup
[2026-06-10 22:08:15] INFO [Load.clear_table:35] Table aw_customers_lookup truncated successfully.
[2026-06-10 22:08:16] INFO [Load.load_data:86] Successfully loaded `aw_customers_lookup` table.
[2026-06-10 22:08:16] INFO [Load.load_data:72] Loading 293 records into table `aw_products_lookup`...
[2026-06-10 22:08:16] INFO [Load.clear_table:28] Clearing existing data from table: aw_products_lookup
[2026-06-10 22:08:16] INFO [Load.clear_table:35] Table aw_products_lookup truncated successfully.
[2026-06-10 22:08:17] INFO [Load.load_data:86] Successfully loaded `aw_products_lookup` table.
[2026-06-10 22:08:17] INFO [Load.load_data:72] Loading 56046 records into table `aw_sales`...
[2026-06-10 22:08:17] INFO [Load.clear_table:28] Clearing existing data from table: aw_sales
[2026-06-10 22:08:17] INFO [Load.clear_table:35] Table aw_sales truncated successfully.
[2026-06-10 22:08:21] INFO [Load.load_data:86] Successfully loaded `aw_sales` table.
[2026-06-10 22:08:21] INFO [Load.load_data:72] Loading 1809 records into table `aw_returns`...
[2026-06-10 22:08:21] INFO [Load.clear_table:28] Clearing existing data from table: aw_returns
[2026-06-10 22:08:21] INFO [Load.clear_table:35] Table aw_returns truncated successfully.
[2026-06-10 22:08:22] INFO [Load.load_data:86] Successfully loaded `aw_returns` table.
[2026-06-10 22:08:22] INFO [Load.load_data:91] Loading phase completed successfully.
[2026-06-10 22:08:22] INFO [Orchestrator.run_pipeline:40] Loading completed in 7.31 seconds.
[2026-06-10 22:08:22] INFO [Orchestrator.run_pipeline:43] ==============================================
[2026-06-10 22:08:22] INFO [Orchestrator.run_pipeline:44]   ETL PIPELINE RUN COMPLETED SUCCESSFULLY!    
[2026-06-10 22:08:22] INFO [Orchestrator.run_pipeline:45]   Total execution time: 8.58 seconds.
[2026-06-10 22:08:22] INFO [Orchestrator.run_pipeline:46] ==============================================
[2026-06-10 22:19:17] INFO [Orchestrator.run_pipeline:13] ==============================================
[2026-06-10 22:19:17] INFO [Orchestrator.run_pipeline:14]   STARTING PYTHON ETL PIPELINE REPLACEMENT    
[2026-06-10 22:19:17] INFO [Orchestrator.run_pipeline:15] ==============================================
[2026-06-10 22:19:17] INFO [Orchestrator.run_pipeline:22] [ETL PHASE 1/3] Extracting raw files...
[2026-06-10 22:19:17] INFO [Extract.extract_csv:34] Extracting AdventureWorks_Calendar.csv.csv from path: C:\Users\pc\Desktop\BI\Dataset\AdventureWorks_Calendar.csv.csv
[2026-06-10 22:19:17] INFO [Extract.extract_csv:39] Successfully loaded AdventureWorks_Calendar.csv.csv with utf-8-sig encoding. Shape: (912, 1)
[2026-06-10 22:19:17] INFO [Extract.extract_csv:34] Extracting AdventureWorks_Customers.csv.csv from path: C:\Users\pc\Desktop\BI\Dataset\AdventureWorks_Customers.csv.csv
[2026-06-10 22:19:17] WARNING [Extract.extract_csv:43] UTF-8 decode failed for AdventureWorks_Customers.csv.csv. Retrying with ISO-8859-1 or latin-1...
[2026-06-10 22:19:17] INFO [Extract.extract_csv:45] Successfully loaded AdventureWorks_Customers.csv.csv with latin-1 fallback. Shape: (18148, 13)
[2026-06-10 22:19:17] INFO [Extract.extract_csv:34] Extracting AdventureWorks_Product_Categories.csv.csv from path: C:\Users\pc\Desktop\BI\Dataset\AdventureWorks_Product_Categories.csv.csv
[2026-06-10 22:19:17] INFO [Extract.extract_csv:39] Successfully loaded AdventureWorks_Product_Categories.csv.csv with utf-8-sig encoding. Shape: (4, 2)
[2026-06-10 22:19:17] INFO [Extract.extract_csv:34] Extracting AdventureWorks_Product_Subcategories.csv.csv from path: C:\Users\pc\Desktop\BI\Dataset\AdventureWorks_Product_Subcategories.csv.csv
[2026-06-10 22:19:17] INFO [Extract.extract_csv:39] Successfully loaded AdventureWorks_Product_Subcategories.csv.csv with utf-8-sig encoding. Shape: (37, 3)
[2026-06-10 22:19:17] INFO [Extract.extract_csv:34] Extracting AdventureWorks_Products.csv.csv from path: C:\Users\pc\Desktop\BI\Dataset\AdventureWorks_Products.csv.csv
[2026-06-10 22:19:17] INFO [Extract.extract_csv:39] Successfully loaded AdventureWorks_Products.csv.csv with utf-8-sig encoding. Shape: (293, 11)
[2026-06-10 22:19:17] INFO [Extract.extract_csv:34] Extracting AdventureWorks_Returns.csv.csv from path: C:\Users\pc\Desktop\BI\Dataset\AdventureWorks_Returns.csv.csv
[2026-06-10 22:19:17] INFO [Extract.extract_csv:39] Successfully loaded AdventureWorks_Returns.csv.csv with utf-8-sig encoding. Shape: (1809, 4)
[2026-06-10 22:19:17] INFO [Extract.extract_csv:34] Extracting AdventureWorks_Territories.csv.csv from path: C:\Users\pc\Desktop\BI\Dataset\AdventureWorks_Territories.csv.csv
[2026-06-10 22:19:17] INFO [Extract.extract_csv:39] Successfully loaded AdventureWorks_Territories.csv.csv with utf-8-sig encoding. Shape: (10, 4)
[2026-06-10 22:19:17] INFO [Extract.extract_csv:34] Extracting AdventureWorks_Sales_2015.csv.csv from path: C:\Users\pc\Desktop\BI\Dataset\Sales\AdventureWorks_Sales_2015.csv.csv
[2026-06-10 22:19:17] INFO [Extract.extract_csv:39] Successfully loaded AdventureWorks_Sales_2015.csv.csv with utf-8-sig encoding. Shape: (2630, 8)
[2026-06-10 22:19:17] INFO [Extract.extract_csv:34] Extracting AdventureWorks_Sales_2016.csv.csv from path: C:\Users\pc\Desktop\BI\Dataset\Sales\AdventureWorks_Sales_2016.csv.csv
[2026-06-10 22:19:17] INFO [Extract.extract_csv:39] Successfully loaded AdventureWorks_Sales_2016.csv.csv with utf-8-sig encoding. Shape: (23935, 8)
[2026-06-10 22:19:17] INFO [Extract.extract_csv:34] Extracting AdventureWorks_Sales_2017.csv.csv from path: C:\Users\pc\Desktop\BI\Dataset\Sales\AdventureWorks_Sales_2017.csv.csv
[2026-06-10 22:19:17] INFO [Extract.extract_csv:39] Successfully loaded AdventureWorks_Sales_2017.csv.csv with utf-8-sig encoding. Shape: (29481, 8)
[2026-06-10 22:19:17] INFO [Extract.extract_all:85] Unifying sales datasets (2015, 2016, 2017)...
[2026-06-10 22:19:17] INFO [Extract.extract_all:87] Unified Sales dataset shape: (56046, 8)
[2026-06-10 22:19:17] INFO [Orchestrator.run_pipeline:25] Extraction completed in 0.13 seconds.
[2026-06-10 22:19:17] INFO [Orchestrator.run_pipeline:29] [ETL PHASE 2/3] Transforming datasets...
[2026-06-10 22:19:17] INFO [Transform.transform_territories:289] Transforming Territories lookup...
[2026-06-10 22:19:17] INFO [Transform.transform_product_categories:304] Transforming Product Categories lookup...
[2026-06-10 22:19:17] INFO [Transform.transform_product_subcategories:315] Transforming Product Subcategories lookup...
[2026-06-10 22:19:17] INFO [Transform.transform_calendar:152] Transforming Calendar dataset...
[2026-06-10 22:19:17] INFO [Transform.transform_calendar:191] Calendar transformation complete. Shape: (912, 10)
[2026-06-10 22:19:17] INFO [Transform.transform_customers:11] Transforming Customers dataset...
[2026-06-10 22:19:18] INFO [Transform.transform_customers:101] Customers transformation complete. Shape: (18148, 21)
[2026-06-10 22:19:18] INFO [Transform.transform_products:108] Transforming Products dataset...
[2026-06-10 22:19:18] INFO [Transform.transform_products:145] Products transformation complete. Shape: (293, 14)
[2026-06-10 22:19:18] INFO [Transform.transform_sales:198] Transforming Sales Fact dataset...
[2026-06-10 22:19:18] INFO [Transform.transform_sales:226] Enforcing referential integrity on Sales Fact table...
[2026-06-10 22:19:18] INFO [Transform.transform_sales:250] Sales Fact transformation complete. Final Rows: 56046 (Dropped 0 invalid rows)
[2026-06-10 22:19:18] INFO [Transform.transform_returns:257] Transforming Returns Fact dataset...
[2026-06-10 22:19:18] INFO [Transform.transform_returns:273] Enforcing referential integrity on Returns Fact table...
[2026-06-10 22:19:18] INFO [Transform.transform_returns:282] Returns Fact transformation complete. Final Rows: 1809 (Dropped 0 invalid rows)
[2026-06-10 22:19:18] INFO [Orchestrator.run_pipeline:32] Transformation completed in 0.64 seconds.
[2026-06-10 22:19:18] INFO [Orchestrator.run_pipeline:36] [ETL PHASE 3/3] Loading processed data to MySQL...
[2026-06-10 22:19:18] INFO [Load.get_db_engine:11] Initializing database connection engine...
[2026-06-10 22:19:18] INFO [Load.get_db_engine:17] Database connection established successfully.
[2026-06-10 22:19:18] INFO [Load.load_data:64] Beginning the database loading phase...
[2026-06-10 22:19:18] INFO [Load.load_data:72] Loading 10 records into table `aw_territories_lookup`...
[2026-06-10 22:19:18] INFO [Load.clear_table:28] Clearing existing data from table: aw_territories_lookup
[2026-06-10 22:19:18] INFO [Load.clear_table:35] Table aw_territories_lookup truncated successfully.
[2026-06-10 22:19:18] INFO [Load.load_data:86] Successfully loaded `aw_territories_lookup` table.
[2026-06-10 22:19:18] INFO [Load.load_data:72] Loading 4 records into table `aw_product_category_lookup`...
[2026-06-10 22:19:18] INFO [Load.clear_table:28] Clearing existing data from table: aw_product_category_lookup
[2026-06-10 22:19:18] INFO [Load.clear_table:35] Table aw_product_category_lookup truncated successfully.
[2026-06-10 22:19:18] INFO [Load.load_data:86] Successfully loaded `aw_product_category_lookup` table.
[2026-06-10 22:19:18] INFO [Load.load_data:72] Loading 37 records into table `aw_product_subcategory_lookup`...
[2026-06-10 22:19:18] INFO [Load.clear_table:28] Clearing existing data from table: aw_product_subcategory_lookup
[2026-06-10 22:19:18] INFO [Load.clear_table:35] Table aw_product_subcategory_lookup truncated successfully.
[2026-06-10 22:19:18] INFO [Load.load_data:86] Successfully loaded `aw_product_subcategory_lookup` table.
[2026-06-10 22:19:18] INFO [Load.load_data:72] Loading 912 records into table `aw_calendar_lookup`...
[2026-06-10 22:19:18] INFO [Load.clear_table:28] Clearing existing data from table: aw_calendar_lookup
[2026-06-10 22:19:18] INFO [Load.clear_table:35] Table aw_calendar_lookup truncated successfully.
[2026-06-10 22:19:18] INFO [Load.load_data:86] Successfully loaded `aw_calendar_lookup` table.
[2026-06-10 22:19:18] INFO [Load.load_data:72] Loading 18148 records into table `aw_customers_lookup`...
[2026-06-10 22:19:18] INFO [Load.clear_table:28] Clearing existing data from table: aw_customers_lookup
[2026-06-10 22:19:18] INFO [Load.clear_table:35] Table aw_customers_lookup truncated successfully.
[2026-06-10 22:19:20] INFO [Load.load_data:86] Successfully loaded `aw_customers_lookup` table.
[2026-06-10 22:19:20] INFO [Load.load_data:72] Loading 293 records into table `aw_products_lookup`...
[2026-06-10 22:19:20] INFO [Load.clear_table:28] Clearing existing data from table: aw_products_lookup
[2026-06-10 22:19:20] INFO [Load.clear_table:35] Table aw_products_lookup truncated successfully.
[2026-06-10 22:19:20] INFO [Load.load_data:86] Successfully loaded `aw_products_lookup` table.
[2026-06-10 22:19:20] INFO [Load.load_data:72] Loading 56046 records into table `aw_sales`...
[2026-06-10 22:19:20] INFO [Load.clear_table:28] Clearing existing data from table: aw_sales
[2026-06-10 22:19:20] INFO [Load.clear_table:35] Table aw_sales truncated successfully.
[2026-06-10 22:19:25] INFO [Load.load_data:86] Successfully loaded `aw_sales` table.
[2026-06-10 22:19:25] INFO [Load.load_data:72] Loading 1809 records into table `aw_returns`...
[2026-06-10 22:19:25] INFO [Load.clear_table:28] Clearing existing data from table: aw_returns
[2026-06-10 22:19:25] INFO [Load.clear_table:35] Table aw_returns truncated successfully.
[2026-06-10 22:19:25] INFO [Load.load_data:86] Successfully loaded `aw_returns` table.
[2026-06-10 22:19:25] INFO [Load.load_data:91] Loading phase completed successfully.
[2026-06-10 22:19:25] INFO [Orchestrator.run_pipeline:40] Loading completed in 7.18 seconds.
[2026-06-10 22:19:25] INFO [Orchestrator.run_pipeline:43] ==============================================
[2026-06-10 22:19:25] INFO [Orchestrator.run_pipeline:44]   ETL PIPELINE RUN COMPLETED SUCCESSFULLY!    
[2026-06-10 22:19:25] INFO [Orchestrator.run_pipeline:45]   Total execution time: 7.95 seconds.
[2026-06-10 22:19:25] INFO [Orchestrator.run_pipeline:46] ==============================================
[2026-06-11 16:41:40] INFO [Orchestrator.run_pipeline:13] ==============================================
[2026-06-11 16:41:40] INFO [Orchestrator.run_pipeline:14]   STARTING PYTHON ETL PIPELINE REPLACEMENT    
[2026-06-11 16:41:40] INFO [Orchestrator.run_pipeline:15] ==============================================
[2026-06-11 16:41:40] INFO [Orchestrator.run_pipeline:22] [ETL PHASE 1/3] Extracting raw files...
[2026-06-11 16:41:40] INFO [Extract.extract_csv:34] Extracting AdventureWorks_Calendar.csv.csv from path: C:\Users\pc\Desktop\BI\Dataset\AdventureWorks_Calendar.csv.csv
[2026-06-11 16:41:40] INFO [Extract.extract_csv:39] Successfully loaded AdventureWorks_Calendar.csv.csv with utf-8-sig encoding. Shape: (912, 1)
[2026-06-11 16:41:40] INFO [Extract.extract_csv:34] Extracting AdventureWorks_Customers.csv.csv from path: C:\Users\pc\Desktop\BI\Dataset\AdventureWorks_Customers.csv.csv
[2026-06-11 16:41:40] WARNING [Extract.extract_csv:43] UTF-8 decode failed for AdventureWorks_Customers.csv.csv. Retrying with ISO-8859-1 or latin-1...
[2026-06-11 16:41:40] INFO [Extract.extract_csv:45] Successfully loaded AdventureWorks_Customers.csv.csv with latin-1 fallback. Shape: (18148, 13)
[2026-06-11 16:41:40] INFO [Extract.extract_csv:34] Extracting AdventureWorks_Product_Categories.csv.csv from path: C:\Users\pc\Desktop\BI\Dataset\AdventureWorks_Product_Categories.csv.csv
[2026-06-11 16:41:40] INFO [Extract.extract_csv:39] Successfully loaded AdventureWorks_Product_Categories.csv.csv with utf-8-sig encoding. Shape: (4, 2)
[2026-06-11 16:41:40] INFO [Extract.extract_csv:34] Extracting AdventureWorks_Product_Subcategories.csv.csv from path: C:\Users\pc\Desktop\BI\Dataset\AdventureWorks_Product_Subcategories.csv.csv
[2026-06-11 16:41:40] INFO [Extract.extract_csv:39] Successfully loaded AdventureWorks_Product_Subcategories.csv.csv with utf-8-sig encoding. Shape: (37, 3)
[2026-06-11 16:41:40] INFO [Extract.extract_csv:34] Extracting AdventureWorks_Products.csv.csv from path: C:\Users\pc\Desktop\BI\Dataset\AdventureWorks_Products.csv.csv
[2026-06-11 16:41:40] INFO [Extract.extract_csv:39] Successfully loaded AdventureWorks_Products.csv.csv with utf-8-sig encoding. Shape: (293, 11)
[2026-06-11 16:41:40] INFO [Extract.extract_csv:34] Extracting AdventureWorks_Returns.csv.csv from path: C:\Users\pc\Desktop\BI\Dataset\AdventureWorks_Returns.csv.csv
[2026-06-11 16:41:40] INFO [Extract.extract_csv:39] Successfully loaded AdventureWorks_Returns.csv.csv with utf-8-sig encoding. Shape: (1809, 4)
[2026-06-11 16:41:40] INFO [Extract.extract_csv:34] Extracting AdventureWorks_Territories.csv.csv from path: C:\Users\pc\Desktop\BI\Dataset\AdventureWorks_Territories.csv.csv
[2026-06-11 16:41:40] INFO [Extract.extract_csv:39] Successfully loaded AdventureWorks_Territories.csv.csv with utf-8-sig encoding. Shape: (10, 4)
[2026-06-11 16:41:40] INFO [Extract.extract_csv:34] Extracting AdventureWorks_Sales_2015.csv.csv from path: C:\Users\pc\Desktop\BI\Dataset\Sales\AdventureWorks_Sales_2015.csv.csv
[2026-06-11 16:41:40] INFO [Extract.extract_csv:39] Successfully loaded AdventureWorks_Sales_2015.csv.csv with utf-8-sig encoding. Shape: (2630, 8)
[2026-06-11 16:41:40] INFO [Extract.extract_csv:34] Extracting AdventureWorks_Sales_2016.csv.csv from path: C:\Users\pc\Desktop\BI\Dataset\Sales\AdventureWorks_Sales_2016.csv.csv
[2026-06-11 16:41:40] INFO [Extract.extract_csv:39] Successfully loaded AdventureWorks_Sales_2016.csv.csv with utf-8-sig encoding. Shape: (23935, 8)
[2026-06-11 16:41:40] INFO [Extract.extract_csv:34] Extracting AdventureWorks_Sales_2017.csv.csv from path: C:\Users\pc\Desktop\BI\Dataset\Sales\AdventureWorks_Sales_2017.csv.csv
[2026-06-11 16:41:40] INFO [Extract.extract_csv:39] Successfully loaded AdventureWorks_Sales_2017.csv.csv with utf-8-sig encoding. Shape: (29481, 8)
[2026-06-11 16:41:40] INFO [Extract.extract_all:85] Unifying sales datasets (2015, 2016, 2017)...
[2026-06-11 16:41:40] INFO [Extract.extract_all:87] Unified Sales dataset shape: (56046, 8)
[2026-06-11 16:41:40] INFO [Orchestrator.run_pipeline:25] Extraction completed in 0.23 seconds.
[2026-06-11 16:41:40] INFO [Orchestrator.run_pipeline:29] [ETL PHASE 2/3] Transforming datasets...
[2026-06-11 16:41:40] INFO [Transform.transform_territories:289] Transforming Territories lookup...
[2026-06-11 16:41:40] INFO [Transform.transform_product_categories:304] Transforming Product Categories lookup...
[2026-06-11 16:41:40] INFO [Transform.transform_product_subcategories:315] Transforming Product Subcategories lookup...
[2026-06-11 16:41:40] INFO [Transform.transform_calendar:152] Transforming Calendar dataset...
[2026-06-11 16:41:40] INFO [Transform.transform_calendar:191] Calendar transformation complete. Shape: (912, 10)
[2026-06-11 16:41:40] INFO [Transform.transform_customers:11] Transforming Customers dataset...
[2026-06-11 16:41:41] INFO [Transform.transform_customers:101] Customers transformation complete. Shape: (18148, 21)
[2026-06-11 16:41:41] INFO [Transform.transform_products:108] Transforming Products dataset...
[2026-06-11 16:41:41] INFO [Transform.transform_products:145] Products transformation complete. Shape: (293, 14)
[2026-06-11 16:41:41] INFO [Transform.transform_sales:198] Transforming Sales Fact dataset...
[2026-06-11 16:41:41] INFO [Transform.transform_sales:226] Enforcing referential integrity on Sales Fact table...
[2026-06-11 16:41:41] INFO [Transform.transform_sales:250] Sales Fact transformation complete. Final Rows: 56046 (Dropped 0 invalid rows)
[2026-06-11 16:41:41] INFO [Transform.transform_returns:257] Transforming Returns Fact dataset...
[2026-06-11 16:41:41] INFO [Transform.transform_returns:273] Enforcing referential integrity on Returns Fact table...
[2026-06-11 16:41:41] INFO [Transform.transform_returns:282] Returns Fact transformation complete. Final Rows: 1809 (Dropped 0 invalid rows)
[2026-06-11 16:41:41] INFO [Orchestrator.run_pipeline:32] Transformation completed in 0.77 seconds.
[2026-06-11 16:41:41] INFO [Orchestrator.run_pipeline:36] [ETL PHASE 3/3] Loading processed data to MySQL...
[2026-06-11 16:41:41] INFO [Load.get_db_engine:11] Initializing database connection engine...
[2026-06-11 16:41:42] INFO [Load.get_db_engine:17] Database connection established successfully.
[2026-06-11 16:41:42] INFO [Load.load_data:64] Beginning the database loading phase...
[2026-06-11 16:41:42] INFO [Load.load_data:72] Loading 10 records into table `aw_territories_lookup`...
[2026-06-11 16:41:42] INFO [Load.clear_table:28] Clearing existing data from table: aw_territories_lookup
[2026-06-11 16:41:42] INFO [Load.clear_table:35] Table aw_territories_lookup truncated successfully.
[2026-06-11 16:41:42] INFO [Load.load_data:86] Successfully loaded `aw_territories_lookup` table.
[2026-06-11 16:41:42] INFO [Load.load_data:72] Loading 4 records into table `aw_product_category_lookup`...
[2026-06-11 16:41:42] INFO [Load.clear_table:28] Clearing existing data from table: aw_product_category_lookup
[2026-06-11 16:41:42] INFO [Load.clear_table:35] Table aw_product_category_lookup truncated successfully.
[2026-06-11 16:41:42] INFO [Load.load_data:86] Successfully loaded `aw_product_category_lookup` table.
[2026-06-11 16:41:42] INFO [Load.load_data:72] Loading 37 records into table `aw_product_subcategory_lookup`...
[2026-06-11 16:41:42] INFO [Load.clear_table:28] Clearing existing data from table: aw_product_subcategory_lookup
[2026-06-11 16:41:42] INFO [Load.clear_table:35] Table aw_product_subcategory_lookup truncated successfully.
[2026-06-11 16:41:42] INFO [Load.load_data:86] Successfully loaded `aw_product_subcategory_lookup` table.
[2026-06-11 16:41:42] INFO [Load.load_data:72] Loading 912 records into table `aw_calendar_lookup`...
[2026-06-11 16:41:42] INFO [Load.clear_table:28] Clearing existing data from table: aw_calendar_lookup
[2026-06-11 16:41:42] INFO [Load.clear_table:35] Table aw_calendar_lookup truncated successfully.
[2026-06-11 16:41:42] INFO [Load.load_data:86] Successfully loaded `aw_calendar_lookup` table.
[2026-06-11 16:41:42] INFO [Load.load_data:72] Loading 18148 records into table `aw_customers_lookup`...
[2026-06-11 16:41:42] INFO [Load.clear_table:28] Clearing existing data from table: aw_customers_lookup
[2026-06-11 16:41:42] INFO [Load.clear_table:35] Table aw_customers_lookup truncated successfully.
[2026-06-11 16:41:43] INFO [Load.load_data:86] Successfully loaded `aw_customers_lookup` table.
[2026-06-11 16:41:43] INFO [Load.load_data:72] Loading 293 records into table `aw_products_lookup`...
[2026-06-11 16:41:43] INFO [Load.clear_table:28] Clearing existing data from table: aw_products_lookup
[2026-06-11 16:41:43] INFO [Load.clear_table:35] Table aw_products_lookup truncated successfully.
[2026-06-11 16:41:43] INFO [Load.load_data:86] Successfully loaded `aw_products_lookup` table.
[2026-06-11 16:41:43] INFO [Load.load_data:72] Loading 56046 records into table `aw_sales`...
[2026-06-11 16:41:43] INFO [Load.clear_table:28] Clearing existing data from table: aw_sales
[2026-06-11 16:41:43] INFO [Load.clear_table:35] Table aw_sales truncated successfully.
[2026-06-11 16:41:46] INFO [Load.load_data:86] Successfully loaded `aw_sales` table.
[2026-06-11 16:41:46] INFO [Load.load_data:72] Loading 1809 records into table `aw_returns`...
[2026-06-11 16:41:46] INFO [Load.clear_table:28] Clearing existing data from table: aw_returns
[2026-06-11 16:41:46] INFO [Load.clear_table:35] Table aw_returns truncated successfully.
[2026-06-11 16:41:46] INFO [Load.load_data:86] Successfully loaded `aw_returns` table.
[2026-06-11 16:41:46] INFO [Load.load_data:91] Loading phase completed successfully.
[2026-06-11 16:41:46] INFO [Orchestrator.run_pipeline:40] Loading completed in 5.01 seconds.
[2026-06-11 16:41:46] INFO [Orchestrator.run_pipeline:43] ==============================================
[2026-06-11 16:41:46] INFO [Orchestrator.run_pipeline:44]   ETL PIPELINE RUN COMPLETED SUCCESSFULLY!    
[2026-06-11 16:41:46] INFO [Orchestrator.run_pipeline:45]   Total execution time: 6.01 seconds.
[2026-06-11 16:41:46] INFO [Orchestrator.run_pipeline:46] ==============================================
